###############################################################################
#                                                                             #
# IAR ANSI C/C++ Compiler V6.30.1.53127/W32 for ARM     01/Apr/2013  14:27:43 #
# Copyright 1999-2011 IAR Systems AB.                                         #
#                                                                             #
#    Cpu mode     =  thumb                                                    #
#    Endian       =  little                                                   #
#    Source file  =  L:\git_workspace\YD_PRJ_NEW_20130323_git_\Source\Source_ #
#                    MQX\FTP_Task.c                                           #
#    Command line =  L:\git_workspace\YD_PRJ_NEW_20130323_git_\Source\Source_ #
#                    MQX\FTP_Task.c -D _DEBUG=1 -lC                           #
#                    "L:\git_workspace\YD_PRJ_NEW_20130323_git_\IAR\twrk60n51 #
#                    2\Int Flash Debug\List\" -lA                             #
#                    "L:\git_workspace\YD_PRJ_NEW_20130323_git_\IAR\twrk60n51 #
#                    2\Int Flash Debug\List\" --diag_suppress                 #
#                    Pa039,Pa082,Pe186 -o "L:\git_workspace\YD_PRJ_NEW_201303 #
#                    23_git_\IAR\twrk60n512\Int Flash Debug\Obj\" --no_cse    #
#                    --no_unroll --no_inline --no_code_motion --no_tbaa       #
#                    --no_clustering --no_scheduling --debug --endian=little  #
#                    --cpu=Cortex-M4 -e --fpu=None --dlib_config "D:\Program  #
#                    Files\IAR Systems\Embedded Workbench                     #
#                    6.0\arm\INC\c\DLib_Config_Normal.h" -I                   #
#                    L:\git_workspace\YD_PRJ_NEW_20130323_git_\IAR\..\lib\twr #
#                    k60n512.iar\ -I L:\git_workspace\YD_PRJ_NEW_20130323_git #
#                    _\IAR\..\lib\twrk60n512.iar\bsp\ -I                      #
#                    L:\git_workspace\YD_PRJ_NEW_20130323_git_\IAR\..\lib\twr #
#                    k60n512.iar\psp\ -I L:\git_workspace\YD_PRJ_NEW_20130323 #
#                    _git_\IAR\..\lib\twrk60n512.iar\bsp\Generated_Code\ -I   #
#                    L:\git_workspace\YD_PRJ_NEW_20130323_git_\IAR\..\lib\twr #
#                    k60n512.iar\rtcs\ -I L:\git_workspace\YD_PRJ_NEW_2013032 #
#                    3_git_\IAR\..\lib\twrk60n512.iar\mfs\ -I                 #
#                    L:\git_workspace\YD_PRJ_NEW_20130323_git_\IAR\..\lib\twr #
#                    k60n512.iar\usb\host\ -I L:\git_workspace\YD_PRJ_NEW_201 #
#                    30323_git_\IAR\..\lib\twrk60n512.iar\shell\ -I           #
#                    L:\git_workspace\YD_PRJ_NEW_20130323_git_\IAR\..\lib\twr #
#                    k60n512.iar\usb\ -I L:\git_workspace\YD_PRJ_NEW_20130323 #
#                    _git_\IAR\..\ -I L:\git_workspace\YD_PRJ_NEW_20130323_gi #
#                    t_\IAR\..\Source\Source_MQX\ -I "E:\Freescale\Freescale  #
#                    MQX 3.8\shell\source\include\" -Ol --use_c++_inline      #
#    List file    =  L:\git_workspace\YD_PRJ_NEW_20130323_git_\IAR\twrk60n512 #
#                    \Int Flash Debug\List\FTP_Task.lst                       #
#    Object file  =  L:\git_workspace\YD_PRJ_NEW_20130323_git_\IAR\twrk60n512 #
#                    \Int Flash Debug\Obj\FTP_Task.o                          #
#                                                                             #
#                                                                             #
###############################################################################

L:\git_workspace\YD_PRJ_NEW_20130323_git_\Source\Source_MQX\FTP_Task.c
      1          #include <mqx.h>
      2          #include <bsp.h>
      3          #include <rtcs.h>

  #ifdef 0
         ^
"L:\git_workspace\YD_PRJ_NEW_20130323_git_\lib\twrk60n512.iar\rtcs\rtcscfg.h",183  Warning[Pe040]: 
          expected an identifier
      4          #include <ftpd.h>
      5          //#include "demo.h"
      6          #include "Shell_Task.h"
      7          #include "FTP_Task.h"
      8          
      9          #define _FTP_DBUG_
     10          #include <shell.h>
     11          

   \                                 In section .text, align 4, keep-with-next
     12          void FTP_task( uint_32 temp)
     13          {
   \                     FTP_task:
   \   00000000   0xB57F             PUSH     {R0-R6,LR}
     14             _ip_address       enet_ipaddr = ENET_IPADDR;
                                      ^
Warning[Pe177]: variable "enet_ipaddr" was declared but never referenced
   \   00000002   0x4C2C             LDR.N    R4,??FTP_task_0  ;; 0x317b48f8
     15             _ip_address       enet_ipmask = ENET_IPMASK;
                                      ^
Warning[Pe177]: variable "enet_ipmask" was declared but never referenced
   \   00000004   0xF07F 0x05FF      MVNS     R5,#+255
     16             uint_32           enet_device = 0;
                                      ^
Warning[Pe177]: variable "enet_device" was declared but never referenced
   \   00000008   0x2600             MOVS     R6,#+0
     17             _enet_address     address;
     18             _enet_handle      ehandle;
     19             _rtcs_if_handle   ihandle;
     20             uint_32           error;
                                      ^
Warning[Pe550]: variable "error" was set but never used
     21            
     22          #ifdef _FTP_DBUG_
     23             printf("\n----------   FTP_Task  ----------\n");
   \   0000000A   0x482B             LDR.N    R0,??FTP_task_0+0x4
   \   0000000C   0x.... 0x....      BL       _io_printf
     24             printf("\n----------             ----------\n");
   \   00000010   0x482A             LDR.N    R0,??FTP_task_0+0x8
   \   00000012   0x.... 0x....      BL       _io_printf
     25             printf("\n----------             ----------\n");
   \   00000016   0x4829             LDR.N    R0,??FTP_task_0+0x8
   \   00000018   0x.... 0x....      BL       _io_printf
     26             printf("\n----------      END    ----------\n");
   \   0000001C   0x4828             LDR.N    R0,??FTP_task_0+0xC
   \   0000001E   0x.... 0x....      BL       _io_printf
     27          #endif    
     28             
     29          #if DEMO_USE_POOLS && defined(DEMO_RTCS_POOL_ADDR) && defined(DEMO_RTCS_POOL_SIZE)
     30              /* use external RAM for RTCS buffers */
     31              _RTCS_mem_pool = _mem_create_pool((pointer)DEMO_RTCS_POOL_ADDR, DEMO_RTCS_POOL_SIZE);
     32          #endif
     33              printf("\n welecome2 ~! \n");///////////////////////dx
   \   00000022   0x4828             LDR.N    R0,??FTP_task_0+0x10
   \   00000024   0x.... 0x....      BL       _io_printf
     34             /* runtime RTCS configuration */
     35             _RTCSPCB_init = 4;
   \   00000028   0x4827             LDR.N    R0,??FTP_task_0+0x14
   \   0000002A   0x2104             MOVS     R1,#+4
   \   0000002C   0x6001             STR      R1,[R0, #+0]
     36             _RTCSPCB_grow = 2;
   \   0000002E   0x4827             LDR.N    R0,??FTP_task_0+0x18
   \   00000030   0x2102             MOVS     R1,#+2
   \   00000032   0x6001             STR      R1,[R0, #+0]
     37             _RTCSPCB_max = 20;
   \   00000034   0x4826             LDR.N    R0,??FTP_task_0+0x1C
   \   00000036   0x2114             MOVS     R1,#+20
   \   00000038   0x6001             STR      R1,[R0, #+0]
     38             _RTCS_msgpool_init = 4;
   \   0000003A   0x4826             LDR.N    R0,??FTP_task_0+0x20
   \   0000003C   0x2104             MOVS     R1,#+4
   \   0000003E   0x6001             STR      R1,[R0, #+0]
     39             _RTCS_msgpool_grow = 2;
   \   00000040   0x4825             LDR.N    R0,??FTP_task_0+0x24
   \   00000042   0x2102             MOVS     R1,#+2
   \   00000044   0x6001             STR      R1,[R0, #+0]
     40             _RTCS_msgpool_max  = 20;
   \   00000046   0x4825             LDR.N    R0,??FTP_task_0+0x28
   \   00000048   0x2114             MOVS     R1,#+20
   \   0000004A   0x6001             STR      R1,[R0, #+0]
     41             _RTCS_socket_part_init = 4;
   \   0000004C   0x4824             LDR.N    R0,??FTP_task_0+0x2C
   \   0000004E   0x2104             MOVS     R1,#+4
   \   00000050   0x6001             STR      R1,[R0, #+0]
     42             _RTCS_socket_part_grow = 2;
   \   00000052   0x4824             LDR.N    R0,??FTP_task_0+0x30
   \   00000054   0x2102             MOVS     R1,#+2
   \   00000056   0x6001             STR      R1,[R0, #+0]
     43             _RTCS_socket_part_max  = 20;
   \   00000058   0x4823             LDR.N    R0,??FTP_task_0+0x34
   \   0000005A   0x2114             MOVS     R1,#+20
   \   0000005C   0x6001             STR      R1,[R0, #+0]
     44          
     45             if (RTCS_create()== RTCS_OK) {
   \   0000005E   0x.... 0x....      BL       RTCS_create
   \   00000062   0x2800             CMP      R0,#+0
   \   00000064   0xD124             BNE.N    ??FTP_task_1
     46                                   
     47             ENET_get_mac_address(BSP_DEFAULT_ENET_DEVICE,ENET_IPADDR,address);
   \   00000066   0xAA02             ADD      R2,SP,#+8
   \   00000068   0x4912             LDR.N    R1,??FTP_task_0  ;; 0x317b48f8
   \   0000006A   0x2000             MOVS     R0,#+0
   \   0000006C   0x.... 0x....      BL       ENET_get_mac_address
     48             error = ENET_initialize(BSP_DEFAULT_ENET_DEVICE, address, 0, &ehandle);
   \   00000070   0xAB01             ADD      R3,SP,#+4
   \   00000072   0x2200             MOVS     R2,#+0
   \   00000074   0xA902             ADD      R1,SP,#+8
   \   00000076   0x2000             MOVS     R0,#+0
   \   00000078   0x.... 0x....      BL       ENET_initialize
   \   0000007C   0x0004             MOVS     R4,R0
     49          
     50             error = RTCS_if_add(ehandle, RTCS_IF_ENET, &ihandle);
   \   0000007E   0xAA00             ADD      R2,SP,#+0
   \   00000080   0x481A             LDR.N    R0,??FTP_task_0+0x38
   \   00000082   0x6801             LDR      R1,[R0, #+0]
   \   00000084   0x9801             LDR      R0,[SP, #+4]
   \   00000086   0x.... 0x....      BL       RTCS_if_add
   \   0000008A   0x0004             MOVS     R4,R0
     51             error = RTCS_if_bind(ihandle, ENET_IPADDR, ENET_IPMASK);
   \   0000008C   0xF07F 0x02FF      MVNS     R2,#+255
   \   00000090   0x4908             LDR.N    R1,??FTP_task_0  ;; 0x317b48f8
   \   00000092   0x9800             LDR      R0,[SP, #+0]
   \   00000094   0x.... 0x....      BL       RTCS_if_bind
   \   00000098   0x0004             MOVS     R4,R0
     52           
     53             // Direct call to FTP Server so that we become the FTP Server
     54             FTPd_init("FTP_server", 7, 5000 ); //creates new task
   \   0000009A   0xF241 0x3288      MOVW     R2,#+5000
   \   0000009E   0x2107             MOVS     R1,#+7
   \   000000A0   0x4813             LDR.N    R0,??FTP_task_0+0x3C
   \   000000A2   0x.... 0x....      BL       FTPd_init
     55             _task_create(0, 4, 0);  // wk --> 建立 TCP/IP socket 任务
   \   000000A6   0x2200             MOVS     R2,#+0
   \   000000A8   0x2104             MOVS     R1,#+4
   \   000000AA   0x2000             MOVS     R0,#+0
   \   000000AC   0x.... 0x....      BL       _task_create
     56             }
     57          }
   \                     ??FTP_task_1:
   \   000000B0   0xBD7F             POP      {R0-R6,PC}       ;; return
   \   000000B2   0xBF00             Nop      
   \                     ??FTP_task_0:
   \   000000B4   0x317B48F8         DC32     0x317b48f8
   \   000000B8   0x........         DC32     `?<Constant "\\n----------   FTP_Tas...">`
   \   000000BC   0x........         DC32     `?<Constant "\\n----------          ...">`
   \   000000C0   0x........         DC32     `?<Constant "\\n----------      END ...">`
   \   000000C4   0x........         DC32     `?<Constant "\\n welecome2 ~! \\n">`
   \   000000C8   0x........         DC32     _RTCSPCB_init
   \   000000CC   0x........         DC32     _RTCSPCB_grow
   \   000000D0   0x........         DC32     _RTCSPCB_max
   \   000000D4   0x........         DC32     _RTCS_msgpool_init
   \   000000D8   0x........         DC32     _RTCS_msgpool_grow
   \   000000DC   0x........         DC32     _RTCS_msgpool_max
   \   000000E0   0x........         DC32     _RTCS_socket_part_init
   \   000000E4   0x........         DC32     _RTCS_socket_part_grow
   \   000000E8   0x........         DC32     _RTCS_socket_part_max
   \   000000EC   0x........         DC32     RTCS_IF_ENET
   \   000000F0   0x........         DC32     `?<Constant "FTP_server">`
     58          

   \                                 In section .data, align 4
     59          char FTPd_rootdir[] = {"u:\\"};//dx  c:
   \                     FTPd_rootdir:
   \   00000000   0x75 0x3A          DC8 "u:\\"
   \              0x5C 0x00    

   \                                 In section .rodata, align 4
     60          const FTPd_COMMAND_STRUCT FTPd_commands[] = {
   \                     FTPd_commands:
   \   00000000   0x........         DC32 `?<Constant "abor">`, FTPd_unimplemented, `?<Constant "acct">`
   \              0x........   
   \              0x........   
   \   0000000C   0x........         DC32 FTPd_unimplemented, `?<Constant "cdup">`, FTPd_cdup
   \              0x........   
   \              0x........   
   \   00000018   0x........         DC32 `?<Constant "cwd">`, FTPd_cd, `?<Constant "feat">`, FTPd_feat
   \              0x........   
   \              0x........   
   \              0x........   
   \   00000028   0x........         DC32 `?<Constant "help">`, FTPd_help, `?<Constant "dele">`, FTPd_dele
   \              0x........   
   \              0x........   
   \              0x........   
   \   00000038   0x........         DC32 `?<Constant "list">`, FTPd_list, `?<Constant "mkd">`, FTPd_mkdir
   \              0x........   
   \              0x........   
   \              0x........   
   \   00000048   0x........         DC32 `?<Constant "noop">`, FTPd_noop, `?<Constant "nlst">`, FTPd_nlst
   \              0x........   
   \              0x........   
   \              0x........   
   \   00000058   0x........         DC32 `?<Constant "opts">`, FTPd_opts, `?<Constant "pass">`, FTPd_pass
   \              0x........   
   \              0x........   
   \              0x........   
   \   00000068   0x........         DC32 `?<Constant "pasv">`, FTPd_pasv, `?<Constant "port">`, FTPd_port
   \              0x........   
   \              0x........   
   \              0x........   
   \   00000078   0x........         DC32 `?<Constant "pwd">`, FTPd_pwd, `?<Constant "quit">`, FTPd_quit
   \              0x........   
   \              0x........   
   \              0x........   
   \   00000088   0x........         DC32 `?<Constant "rnfr">`, FTPd_rnfr, `?<Constant "rnto">`, FTPd_rnto
   \              0x........   
   \              0x........   
   \              0x........   
   \   00000098   0x........         DC32 `?<Constant "retr">`, FTPd_retr, `?<Constant "stor">`, FTPd_stor
   \              0x........   
   \              0x........   
   \              0x........   
   \   000000A8   0x........         DC32 `?<Constant "rmd">`, FTPd_rmdir, `?<Constant "site">`, FTPd_site
   \              0x........   
   \              0x........   
   \              0x........   
   \   000000B8   0x........         DC32 `?<Constant "size">`, FTPd_size, `?<Constant "syst">`, FTPd_syst
   \              0x........   
   \              0x........   
   \              0x........   
   \   000000C8   0x........         DC32 `?<Constant "type">`, FTPd_type, `?<Constant "user">`, FTPd_user
   \              0x........   
   \              0x........   
   \              0x........   
   \   000000D8   0x........         DC32 `?<Constant "xcwd">`, FTPd_cd, `?<Constant "xmkd">`, FTPd_mkdir
   \              0x........   
   \              0x........   
   \              0x........   
   \   000000E8   0x........         DC32 `?<Constant "xpwd">`, FTPd_pwd, `?<Constant "xrmd">`, FTPd_rmdir
   \              0x........   
   \              0x........   
   \              0x........   
   \   000000F8   0x00000000         DC32 0H, 0H
   \              0x00000000   

   \                                 In section .rodata, align 4
   \                     `?<Constant "abor">`:
   \   00000000   0x61 0x62          DC8 "abor"
   \              0x6F 0x72    
   \              0x00         
   \   00000005   0x00 0x00          DC8 0, 0, 0
   \              0x00         

   \                                 In section .rodata, align 4
   \                     `?<Constant "acct">`:
   \   00000000   0x61 0x63          DC8 "acct"
   \              0x63 0x74    
   \              0x00         
   \   00000005   0x00 0x00          DC8 0, 0, 0
   \              0x00         

   \                                 In section .rodata, align 4
   \                     `?<Constant "cdup">`:
   \   00000000   0x63 0x64          DC8 "cdup"
   \              0x75 0x70    
   \              0x00         
   \   00000005   0x00 0x00          DC8 0, 0, 0
   \              0x00         

   \                                 In section .rodata, align 4
   \                     `?<Constant "cwd">`:
   \   00000000   0x63 0x77          DC8 "cwd"
   \              0x64 0x00    

   \                                 In section .rodata, align 4
   \                     `?<Constant "feat">`:
   \   00000000   0x66 0x65          DC8 "feat"
   \              0x61 0x74    
   \              0x00         
   \   00000005   0x00 0x00          DC8 0, 0, 0
   \              0x00         

   \                                 In section .rodata, align 4
   \                     `?<Constant "help">`:
   \   00000000   0x68 0x65          DC8 "help"
   \              0x6C 0x70    
   \              0x00         
   \   00000005   0x00 0x00          DC8 0, 0, 0
   \              0x00         

   \                                 In section .rodata, align 4
   \                     `?<Constant "dele">`:
   \   00000000   0x64 0x65          DC8 "dele"
   \              0x6C 0x65    
   \              0x00         
   \   00000005   0x00 0x00          DC8 0, 0, 0
   \              0x00         

   \                                 In section .rodata, align 4
   \                     `?<Constant "list">`:
   \   00000000   0x6C 0x69          DC8 "list"
   \              0x73 0x74    
   \              0x00         
   \   00000005   0x00 0x00          DC8 0, 0, 0
   \              0x00         

   \                                 In section .rodata, align 4
   \                     `?<Constant "mkd">`:
   \   00000000   0x6D 0x6B          DC8 "mkd"
   \              0x64 0x00    

   \                                 In section .rodata, align 4
   \                     `?<Constant "noop">`:
   \   00000000   0x6E 0x6F          DC8 "noop"
   \              0x6F 0x70    
   \              0x00         
   \   00000005   0x00 0x00          DC8 0, 0, 0
   \              0x00         

   \                                 In section .rodata, align 4
   \                     `?<Constant "nlst">`:
   \   00000000   0x6E 0x6C          DC8 "nlst"
   \              0x73 0x74    
   \              0x00         
   \   00000005   0x00 0x00          DC8 0, 0, 0
   \              0x00         

   \                                 In section .rodata, align 4
   \                     `?<Constant "opts">`:
   \   00000000   0x6F 0x70          DC8 "opts"
   \              0x74 0x73    
   \              0x00         
   \   00000005   0x00 0x00          DC8 0, 0, 0
   \              0x00         

   \                                 In section .rodata, align 4
   \                     `?<Constant "pass">`:
   \   00000000   0x70 0x61          DC8 "pass"
   \              0x73 0x73    
   \              0x00         
   \   00000005   0x00 0x00          DC8 0, 0, 0
   \              0x00         

   \                                 In section .rodata, align 4
   \                     `?<Constant "pasv">`:
   \   00000000   0x70 0x61          DC8 "pasv"
   \              0x73 0x76    
   \              0x00         
   \   00000005   0x00 0x00          DC8 0, 0, 0
   \              0x00         

   \                                 In section .rodata, align 4
   \                     `?<Constant "port">`:
   \   00000000   0x70 0x6F          DC8 "port"
   \              0x72 0x74    
   \              0x00         
   \   00000005   0x00 0x00          DC8 0, 0, 0
   \              0x00         

   \                                 In section .rodata, align 4
   \                     `?<Constant "pwd">`:
   \   00000000   0x70 0x77          DC8 "pwd"
   \              0x64 0x00    

   \                                 In section .rodata, align 4
   \                     `?<Constant "quit">`:
   \   00000000   0x71 0x75          DC8 "quit"
   \              0x69 0x74    
   \              0x00         
   \   00000005   0x00 0x00          DC8 0, 0, 0
   \              0x00         

   \                                 In section .rodata, align 4
   \                     `?<Constant "rnfr">`:
   \   00000000   0x72 0x6E          DC8 "rnfr"
   \              0x66 0x72    
   \              0x00         
   \   00000005   0x00 0x00          DC8 0, 0, 0
   \              0x00         

   \                                 In section .rodata, align 4
   \                     `?<Constant "rnto">`:
   \   00000000   0x72 0x6E          DC8 "rnto"
   \              0x74 0x6F    
   \              0x00         
   \   00000005   0x00 0x00          DC8 0, 0, 0
   \              0x00         

   \                                 In section .rodata, align 4
   \                     `?<Constant "retr">`:
   \   00000000   0x72 0x65          DC8 "retr"
   \              0x74 0x72    
   \              0x00         
   \   00000005   0x00 0x00          DC8 0, 0, 0
   \              0x00         

   \                                 In section .rodata, align 4
   \                     `?<Constant "stor">`:
   \   00000000   0x73 0x74          DC8 "stor"
   \              0x6F 0x72    
   \              0x00         
   \   00000005   0x00 0x00          DC8 0, 0, 0
   \              0x00         

   \                                 In section .rodata, align 4
   \                     `?<Constant "rmd">`:
   \   00000000   0x72 0x6D          DC8 "rmd"
   \              0x64 0x00    

   \                                 In section .rodata, align 4
   \                     `?<Constant "site">`:
   \   00000000   0x73 0x69          DC8 "site"
   \              0x74 0x65    
   \              0x00         
   \   00000005   0x00 0x00          DC8 0, 0, 0
   \              0x00         

   \                                 In section .rodata, align 4
   \                     `?<Constant "size">`:
   \   00000000   0x73 0x69          DC8 "size"
   \              0x7A 0x65    
   \              0x00         
   \   00000005   0x00 0x00          DC8 0, 0, 0
   \              0x00         

   \                                 In section .rodata, align 4
   \                     `?<Constant "syst">`:
   \   00000000   0x73 0x79          DC8 "syst"
   \              0x73 0x74    
   \              0x00         
   \   00000005   0x00 0x00          DC8 0, 0, 0
   \              0x00         

   \                                 In section .rodata, align 4
   \                     `?<Constant "type">`:
   \   00000000   0x74 0x79          DC8 "type"
   \              0x70 0x65    
   \              0x00         
   \   00000005   0x00 0x00          DC8 0, 0, 0
   \              0x00         

   \                                 In section .rodata, align 4
   \                     `?<Constant "user">`:
   \   00000000   0x75 0x73          DC8 "user"
   \              0x65 0x72    
   \              0x00         
   \   00000005   0x00 0x00          DC8 0, 0, 0
   \              0x00         

   \                                 In section .rodata, align 4
   \                     `?<Constant "xcwd">`:
   \   00000000   0x78 0x63          DC8 "xcwd"
   \              0x77 0x64    
   \              0x00         
   \   00000005   0x00 0x00          DC8 0, 0, 0
   \              0x00         

   \                                 In section .rodata, align 4
   \                     `?<Constant "xmkd">`:
   \   00000000   0x78 0x6D          DC8 "xmkd"
   \              0x6B 0x64    
   \              0x00         
   \   00000005   0x00 0x00          DC8 0, 0, 0
   \              0x00         

   \                                 In section .rodata, align 4
   \                     `?<Constant "xpwd">`:
   \   00000000   0x78 0x70          DC8 "xpwd"
   \              0x77 0x64    
   \              0x00         
   \   00000005   0x00 0x00          DC8 0, 0, 0
   \              0x00         

   \                                 In section .rodata, align 4
   \                     `?<Constant "xrmd">`:
   \   00000000   0x78 0x72          DC8 "xrmd"
   \              0x6D 0x64    
   \              0x00         
   \   00000005   0x00 0x00          DC8 0, 0, 0
   \              0x00         

   \                                 In section .rodata, align 4
   \                     `?<Constant "\\n----------   FTP_Tas...">`:
   \   00000000   0x0A 0x2D          DC8 "\012----------   FTP_Task  ----------\012"
   \              0x2D 0x2D    
   \              0x2D 0x2D    
   \              0x2D 0x2D    
   \              0x2D 0x2D    
   \              0x2D 0x20    
   \              0x20 0x20    
   \              0x46 0x54    
   \              0x50 0x5F    
   \              0x54 0x61    
   \              0x73 0x6B    
   \              0x20 0x20    
   \              0x2D 0x2D    
   \              0x2D 0x2D    
   \              0x2D 0x2D    
   \              0x2D 0x2D    
   \              0x2D 0x2D    
   \              0x0A 0x00    

   \                                 In section .rodata, align 4
   \                     `?<Constant "\\n----------          ...">`:
   \   00000000   0x0A 0x2D          DC8 "\012----------             ----------\012"
   \              0x2D 0x2D    
   \              0x2D 0x2D    
   \              0x2D 0x2D    
   \              0x2D 0x2D    
   \              0x2D 0x20    
   \              0x20 0x20    
   \              0x20 0x20    
   \              0x20 0x20    
   \              0x20 0x20    
   \              0x20 0x20    
   \              0x20 0x20    
   \              0x2D 0x2D    
   \              0x2D 0x2D    
   \              0x2D 0x2D    
   \              0x2D 0x2D    
   \              0x2D 0x2D    
   \              0x0A 0x00    

   \                                 In section .rodata, align 4
   \                     `?<Constant "\\n----------      END ...">`:
   \   00000000   0x0A 0x2D          DC8 "\012----------      END    ----------\012"
   \              0x2D 0x2D    
   \              0x2D 0x2D    
   \              0x2D 0x2D    
   \              0x2D 0x2D    
   \              0x2D 0x20    
   \              0x20 0x20    
   \              0x20 0x20    
   \              0x20 0x45    
   \              0x4E 0x44    
   \              0x20 0x20    
   \              0x20 0x20    
   \              0x2D 0x2D    
   \              0x2D 0x2D    
   \              0x2D 0x2D    
   \              0x2D 0x2D    
   \              0x2D 0x2D    
   \              0x0A 0x00    

   \                                 In section .rodata, align 4
   \                     `?<Constant "\\n welecome2 ~! \\n">`:
   \   00000000   0x0A 0x20          DC8 "\012 welecome2 ~! \012"
   \              0x77 0x65    
   \              0x6C 0x65    
   \              0x63 0x6F    
   \              0x6D 0x65    
   \              0x32 0x20    
   \              0x7E 0x21    
   \              0x20 0x0A    
   \              0x00         
   \   00000011   0x00 0x00          DC8 0, 0, 0
   \              0x00         

   \                                 In section .rodata, align 4
   \                     `?<Constant "FTP_server">`:
   \   00000000   0x46 0x54          DC8 "FTP_server"
   \              0x50 0x5F    
   \              0x73 0x65    
   \              0x72 0x76    
   \              0x65 0x72    
   \              0x00         
   \   0000000B   0x00               DC8 0
     61          
     62          
     63             { "abor", FTPd_unimplemented },
     64             { "acct", FTPd_unimplemented },
     65             { "cdup", FTPd_cdup },
     66             { "cwd",  FTPd_cd   },        
     67             { "feat", FTPd_feat },       
     68             { "help", FTPd_help },       
     69             { "dele", FTPd_dele },       
     70             { "list", FTPd_list },       
     71             { "mkd",  FTPd_mkdir},       
     72             { "noop", FTPd_noop },
     73             { "nlst", FTPd_nlst },       
     74             { "opts", FTPd_opts },
     75             { "pass", FTPd_pass },
     76             { "pasv", FTPd_pasv },
     77             { "port", FTPd_port },
     78             { "pwd",  FTPd_pwd  },       
     79             { "quit", FTPd_quit },
     80             { "rnfr", FTPd_rnfr },
     81             { "rnto", FTPd_rnto },
     82             { "retr", FTPd_retr },
     83             { "stor", FTPd_stor },
     84             { "rmd",  FTPd_rmdir},       
     85             { "site", FTPd_site },
     86             { "size", FTPd_size },
     87             { "syst", FTPd_syst },
     88             { "type", FTPd_type },
     89             { "user", FTPd_user },
     90             { "xcwd", FTPd_cd    },        
     91             { "xmkd", FTPd_mkdir },       
     92             { "xpwd", FTPd_pwd   },       
     93             { "xrmd", FTPd_rmdir },       
     94             { NULL,   NULL } 
     95          };

   Maximum stack usage in bytes:

   .cstack Function
   ------- --------
       32  FTP_task
             32 -> ENET_get_mac_address
             32 -> ENET_initialize
             32 -> FTPd_init
             32 -> RTCS_create
             32 -> RTCS_if_add
             32 -> RTCS_if_bind
             32 -> _io_printf
             32 -> _task_create


   Section sizes:

   Bytes  Function/Label
   -----  --------------
      12  ?<Constant "FTP_server">
      20  ?<Constant "\n welecome2 ~! \n">
      36  ?<Constant "\n----------          ...">
      36  ?<Constant "\n----------      END ...">
      36  ?<Constant "\n----------   FTP_Tas...">
       8  ?<Constant "abor">
       8  ?<Constant "acct">
       8  ?<Constant "cdup">
       4  ?<Constant "cwd">
       8  ?<Constant "dele">
       8  ?<Constant "feat">
       8  ?<Constant "help">
       8  ?<Constant "list">
       4  ?<Constant "mkd">
       8  ?<Constant "nlst">
       8  ?<Constant "noop">
       8  ?<Constant "opts">
       8  ?<Constant "pass">
       8  ?<Constant "pasv">
       8  ?<Constant "port">
       4  ?<Constant "pwd">
       8  ?<Constant "quit">
       8  ?<Constant "retr">
       4  ?<Constant "rmd">
       8  ?<Constant "rnfr">
       8  ?<Constant "rnto">
       8  ?<Constant "site">
       8  ?<Constant "size">
       8  ?<Constant "stor">
       8  ?<Constant "syst">
       8  ?<Constant "type">
       8  ?<Constant "user">
       8  ?<Constant "xcwd">
       8  ?<Constant "xmkd">
       8  ?<Constant "xpwd">
       8  ?<Constant "xrmd">
     244  FTP_task
     256  FTPd_commands
       4  FTPd_rootdir

 
   4 bytes in section .data
 628 bytes in section .rodata
 244 bytes in section .text
 
 244 bytes of CODE  memory
 628 bytes of CONST memory
   4 bytes of DATA  memory

Errors: none
Warnings: 5
