###############################################################################
#                                                                             #
# IAR ANSI C/C++ Compiler V6.30.1.53127/W32 for ARM     07/Apr/2013  19:59:20 #
# Copyright 1999-2011 IAR Systems AB.                                         #
#                                                                             #
#    Cpu mode     =  thumb                                                    #
#    Endian       =  little                                                   #
#    Source file  =  E:\Freescale\mqx_test\YD_PRJ_NEW_20130323_git_\Source\So #
#                    urce_MQX\tcpip_socket_task.c                             #
#    Command line =  E:\Freescale\mqx_test\YD_PRJ_NEW_20130323_git_\Source\So #
#                    urce_MQX\tcpip_socket_task.c -D _DEBUG=1 -lC             #
#                    "E:\Freescale\mqx_test\YD_PRJ_NEW_20130323_git_\IAR\twrk #
#                    60n512\Int Flash Debug\List\" -lA                        #
#                    "E:\Freescale\mqx_test\YD_PRJ_NEW_20130323_git_\IAR\twrk #
#                    60n512\Int Flash Debug\List\" --diag_suppress            #
#                    Pa039,Pa082,Pe186 -o "E:\Freescale\mqx_test\YD_PRJ_NEW_2 #
#                    0130323_git_\IAR\twrk60n512\Int Flash Debug\Obj\"        #
#                    --no_cse --no_unroll --no_inline --no_code_motion        #
#                    --no_tbaa --no_clustering --no_scheduling --debug        #
#                    --endian=little --cpu=Cortex-M4 -e --fpu=None            #
#                    --dlib_config "D:\Program Files\IAR Systems\Embedded     #
#                    Workbench 6.0\arm\INC\c\DLib_Config_Normal.h" -I         #
#                    E:\Freescale\mqx_test\YD_PRJ_NEW_20130323_git_\IAR\..\li #
#                    b\twrk60n512.iar\ -I E:\Freescale\mqx_test\YD_PRJ_NEW_20 #
#                    130323_git_\IAR\..\lib\twrk60n512.iar\bsp\ -I            #
#                    E:\Freescale\mqx_test\YD_PRJ_NEW_20130323_git_\IAR\..\li #
#                    b\twrk60n512.iar\psp\ -I E:\Freescale\mqx_test\YD_PRJ_NE #
#                    W_20130323_git_\IAR\..\lib\twrk60n512.iar\bsp\Generated_ #
#                    Code\ -I E:\Freescale\mqx_test\YD_PRJ_NEW_20130323_git_\ #
#                    IAR\..\lib\twrk60n512.iar\rtcs\ -I                       #
#                    E:\Freescale\mqx_test\YD_PRJ_NEW_20130323_git_\IAR\..\li #
#                    b\twrk60n512.iar\mfs\ -I E:\Freescale\mqx_test\YD_PRJ_NE #
#                    W_20130323_git_\IAR\..\lib\twrk60n512.iar\usb\host\ -I   #
#                    E:\Freescale\mqx_test\YD_PRJ_NEW_20130323_git_\IAR\..\li #
#                    b\twrk60n512.iar\shell\ -I E:\Freescale\mqx_test\YD_PRJ_ #
#                    NEW_20130323_git_\IAR\..\lib\twrk60n512.iar\usb\ -I      #
#                    E:\Freescale\mqx_test\YD_PRJ_NEW_20130323_git_\IAR\..\   #
#                    -I E:\Freescale\mqx_test\YD_PRJ_NEW_20130323_git_\IAR\.. #
#                    \Source\Source_MQX\ -I E:\Freescale\mqx_test\YD_PRJ_NEW_ #
#                    20130323_git_\IAR\..\Source\ -I "E:\Freescale\Freescale  #
#                    MQX 3.8\shell\source\include\" -Ol --use_c++_inline      #
#    List file    =  E:\Freescale\mqx_test\YD_PRJ_NEW_20130323_git_\IAR\twrk6 #
#                    0n512\Int Flash Debug\List\tcpip_socket_task.lst         #
#    Object file  =  E:\Freescale\mqx_test\YD_PRJ_NEW_20130323_git_\IAR\twrk6 #
#                    0n512\Int Flash Debug\Obj\tcpip_socket_task.o            #
#                                                                             #
#                                                                             #
###############################################################################

E:\Freescale\mqx_test\YD_PRJ_NEW_20130323_git_\Source\Source_MQX\tcpip_socket_task.c
      1          
      2          #include <mqx.h>
      3          #include <bsp.h>
      4          #include <rtcs.h>

  #ifdef 0
         ^
"E:\Freescale\mqx_test\YD_PRJ_NEW_20130323_git_\lib\twrk60n512.iar\rtcs\rtcscfg.h",183  Warning[Pe040]: 
          expected an identifier
      5          #include <string.h>
      6          
      7          

   \                                 In section .text, align 4, keep-with-next
      8          void tcp_socket_task( uint_32 val)
      9          {
   \                     tcp_socket_task:
   \   00000000   0xB530             PUSH     {R4,R5,LR}
   \   00000002   0xB0A3             SUB      SP,SP,#+140
     10            sockaddr_in    laddr, raddr;
     11            uint_32        sock, listensock;
     12            uint_32        error;
     13            uint_16        rlen;
     14            uint_16        sin_port_is = 3333; 
   \   00000004   0xF640 0x5505      MOVW     R5,#+3333
     15            /* Set up the TCP port : */
     16            laddr.sin_family      = AF_INET;
   \   00000008   0x2001             MOVS     R0,#+1
   \   0000000A   0xF8AD 0x0008      STRH     R0,[SP, #+8]
     17            laddr.sin_port        = sin_port_is;
   \   0000000E   0xF8AD 0x500A      STRH     R5,[SP, #+10]
     18            laddr.sin_addr.s_addr = INADDR_ANY;
   \   00000012   0x2000             MOVS     R0,#+0
   \   00000014   0x9003             STR      R0,[SP, #+12]
     19            /* Create a stream socket: */
     20            sock  = socket(PF_INET, SOCK_STREAM, 0);// 1.创建包，类型
   \   00000016   0x2200             MOVS     R2,#+0
   \   00000018   0x4996             LDR.N    R1,??tcp_socket_task_0+0x4
   \   0000001A   0x2001             MOVS     R0,#+1
   \   0000001C   0x.... 0x....      BL       RTCS_socket
   \   00000020   0x0004             MOVS     R4,R0
     21            if (sock  == RTCS_SOCKET_ERROR) 
   \   00000022   0xF114 0x0F01      CMN      R4,#+1
   \   00000026   0xD104             BNE.N    ??tcp_socket_task_1
     22            {
     23              printf("\nFailed to create the stream socket.");
   \   00000028   0x4893             LDR.N    R0,??tcp_socket_task_0+0x8
   \   0000002A   0x.... 0x....      BL       _io_printf
     24              _task_block();
   \   0000002E   0x.... 0x....      BL       _task_block
     25            }
     26            /* Bind the stream socket to a TCP port: */
     27            error  = bind(sock, &laddr, sizeof(laddr));// 2.绑定包，端口等
   \                     ??tcp_socket_task_1:
   \   00000032   0x2C00             CMP      R4,#+0
   \   00000034   0xD002             BEQ.N    ??tcp_socket_task_2
   \   00000036   0xF114 0x0F01      CMN      R4,#+1
   \   0000003A   0xD102             BNE.N    ??tcp_socket_task_3
   \                     ??tcp_socket_task_2:
   \   0000003C   0xF241 0x7004      MOVW     R0,#+5892
   \   00000040   0xE013             B.N      ??tcp_socket_task_4
   \                     ??tcp_socket_task_3:
   \   00000042   0x68A0             LDR      R0,[R4, #+8]
   \   00000044   0x498D             LDR.N    R1,??tcp_socket_task_0+0xC  ;; 0x52544353
   \   00000046   0x4288             CMP      R0,R1
   \   00000048   0xD002             BEQ.N    ??tcp_socket_task_5
   \   0000004A   0xF241 0x7004      MOVW     R0,#+5892
   \   0000004E   0xE00C             B.N      ??tcp_socket_task_4
   \                     ??tcp_socket_task_5:
   \   00000050   0x69E0             LDR      R0,[R4, #+28]
   \   00000052   0x6840             LDR      R0,[R0, #+4]
   \   00000054   0x2800             CMP      R0,#+0
   \   00000056   0xD102             BNE.N    ??tcp_socket_task_6
   \   00000058   0xF241 0x7019      MOVW     R0,#+5913
   \   0000005C   0xE005             B.N      ??tcp_socket_task_4
   \                     ??tcp_socket_task_6:
   \   0000005E   0x2208             MOVS     R2,#+8
   \   00000060   0xA902             ADD      R1,SP,#+8
   \   00000062   0x0020             MOVS     R0,R4
   \   00000064   0x69E3             LDR      R3,[R4, #+28]
   \   00000066   0x685B             LDR      R3,[R3, #+4]
   \   00000068   0x4798             BLX      R3
     28            if (error  != RTCS_OK) 
   \                     ??tcp_socket_task_4:
   \   0000006A   0x2800             CMP      R0,#+0
   \   0000006C   0xD005             BEQ.N    ??tcp_socket_task_7
     29            {
     30              printf("\nFailed to bind the stream socket - 0x%lx", error);
   \   0000006E   0x0001             MOVS     R1,R0
   \   00000070   0x4883             LDR.N    R0,??tcp_socket_task_0+0x10
   \   00000072   0x.... 0x....      BL       _io_printf
     31              _task_block();
   \   00000076   0x.... 0x....      BL       _task_block
     32            }
     33            /* Set up the stream socket to listen on the TCP port: */
     34            error = listen(sock, 0);// 3.被动连接即服务器,监听
   \                     ??tcp_socket_task_7:
   \   0000007A   0x2C00             CMP      R4,#+0
   \   0000007C   0xD002             BEQ.N    ??tcp_socket_task_8
   \   0000007E   0xF114 0x0F01      CMN      R4,#+1
   \   00000082   0xD102             BNE.N    ??tcp_socket_task_9
   \                     ??tcp_socket_task_8:
   \   00000084   0xF241 0x7004      MOVW     R0,#+5892
   \   00000088   0xE012             B.N      ??tcp_socket_task_10
   \                     ??tcp_socket_task_9:
   \   0000008A   0x68A0             LDR      R0,[R4, #+8]
   \   0000008C   0x497B             LDR.N    R1,??tcp_socket_task_0+0xC  ;; 0x52544353
   \   0000008E   0x4288             CMP      R0,R1
   \   00000090   0xD002             BEQ.N    ??tcp_socket_task_11
   \   00000092   0xF241 0x7004      MOVW     R0,#+5892
   \   00000096   0xE00B             B.N      ??tcp_socket_task_10
   \                     ??tcp_socket_task_11:
   \   00000098   0x69E0             LDR      R0,[R4, #+28]
   \   0000009A   0x68C0             LDR      R0,[R0, #+12]
   \   0000009C   0x2800             CMP      R0,#+0
   \   0000009E   0xD102             BNE.N    ??tcp_socket_task_12
   \   000000A0   0xF241 0x7019      MOVW     R0,#+5913
   \   000000A4   0xE004             B.N      ??tcp_socket_task_10
   \                     ??tcp_socket_task_12:
   \   000000A6   0x2100             MOVS     R1,#+0
   \   000000A8   0x0020             MOVS     R0,R4
   \   000000AA   0x69E2             LDR      R2,[R4, #+28]
   \   000000AC   0x68D2             LDR      R2,[R2, #+12]
   \   000000AE   0x4790             BLX      R2
     35            if (error != RTCS_OK) {
   \                     ??tcp_socket_task_10:
   \   000000B0   0x2800             CMP      R0,#+0
   \   000000B2   0xD005             BEQ.N    ??tcp_socket_task_13
     36              printf("\nlisten() failed - 0x%lx", error);
   \   000000B4   0x0001             MOVS     R1,R0
   \   000000B6   0x4873             LDR.N    R0,??tcp_socket_task_0+0x14
   \   000000B8   0x.... 0x....      BL       _io_printf
     37              _task_block();
   \   000000BC   0x.... 0x....      BL       _task_block
     38            }
     39            listensock = sock;
   \                     ??tcp_socket_task_13:
   \   000000C0   0x9400             STR      R4,[SP, #+0]
     40            printf("\n\nSocket Server is active on port %u.\n",(uint_16)sin_port_is);
   \   000000C2   0xB2AD             UXTH     R5,R5            ;; ZeroExt  R5,R5,#+16,#+16
   \   000000C4   0x0029             MOVS     R1,R5
   \   000000C6   0x4870             LDR.N    R0,??tcp_socket_task_0+0x18
   \   000000C8   0x.... 0x....      BL       _io_printf
   \   000000CC   0xE006             B.N      ??tcp_socket_task_14
     41            for (;;)
     42            {
     43              sock = RTCS_selectset(&listensock,1,0);//RTCS_selectall(0);// 4.等待任何或专用socket活动套接字,
     44              if (sock == listensock)
     45              {
     46                /* Connection requested; accept it. */
     47                rlen = sizeof(raddr);
     48                sock = accept(listensock, &raddr, &rlen); // 5.被动连接即服务器，接受
     49                if (sock == RTCS_SOCKET_ERROR) 
     50                {
     51                  printf("\naccept() failed, error 0x%lx",
     52                         RTCS_geterror(listensock));
   \                     ??tcp_socket_task_15:
   \   000000CE   0x9800             LDR      R0,[SP, #+0]
   \   000000D0   0x.... 0x....      BL       RTCS_geterror
   \   000000D4   0x0001             MOVS     R1,R0
   \   000000D6   0x486D             LDR.N    R0,??tcp_socket_task_0+0x1C
   \   000000D8   0x.... 0x....      BL       _io_printf
     53                  continue;
     54                }
   \                     ??tcp_socket_task_14:
   \   000000DC   0x2200             MOVS     R2,#+0
   \   000000DE   0x2101             MOVS     R1,#+1
   \   000000E0   0xA800             ADD      R0,SP,#+0
   \   000000E2   0x.... 0x....      BL       _RTCS_selectset
   \   000000E6   0x0004             MOVS     R4,R0
   \   000000E8   0x9800             LDR      R0,[SP, #+0]
   \   000000EA   0x4284             CMP      R4,R0
   \   000000EC   0xF040 0x80BC      BNE.W    ??tcp_socket_task_16
   \   000000F0   0x2008             MOVS     R0,#+8
   \   000000F2   0xF8AD 0x0004      STRH     R0,[SP, #+4]
   \   000000F6   0x9800             LDR      R0,[SP, #+0]
   \   000000F8   0x2800             CMP      R0,#+0
   \   000000FA   0xD003             BEQ.N    ??tcp_socket_task_17
   \   000000FC   0x9800             LDR      R0,[SP, #+0]
   \   000000FE   0xF110 0x0F01      CMN      R0,#+1
   \   00000102   0xD102             BNE.N    ??tcp_socket_task_18
   \                     ??tcp_socket_task_17:
   \   00000104   0xF05F 0x34FF      MOVS     R4,#-1
   \   00000108   0xE017             B.N      ??tcp_socket_task_19
   \                     ??tcp_socket_task_18:
   \   0000010A   0x9800             LDR      R0,[SP, #+0]
   \   0000010C   0x6880             LDR      R0,[R0, #+8]
   \   0000010E   0x495B             LDR.N    R1,??tcp_socket_task_0+0xC  ;; 0x52544353
   \   00000110   0x4288             CMP      R0,R1
   \   00000112   0xD002             BEQ.N    ??tcp_socket_task_20
   \   00000114   0xF05F 0x34FF      MOVS     R4,#-1
   \   00000118   0xE00F             B.N      ??tcp_socket_task_19
   \                     ??tcp_socket_task_20:
   \   0000011A   0x9800             LDR      R0,[SP, #+0]
   \   0000011C   0x69C0             LDR      R0,[R0, #+28]
   \   0000011E   0x6900             LDR      R0,[R0, #+16]
   \   00000120   0x2800             CMP      R0,#+0
   \   00000122   0xD102             BNE.N    ??tcp_socket_task_21
   \   00000124   0xF05F 0x34FF      MOVS     R4,#-1
   \   00000128   0xE007             B.N      ??tcp_socket_task_19
   \                     ??tcp_socket_task_21:
   \   0000012A   0xAA01             ADD      R2,SP,#+4
   \   0000012C   0xA904             ADD      R1,SP,#+16
   \   0000012E   0x9800             LDR      R0,[SP, #+0]
   \   00000130   0x9B00             LDR      R3,[SP, #+0]
   \   00000132   0x69DB             LDR      R3,[R3, #+28]
   \   00000134   0x691B             LDR      R3,[R3, #+16]
   \   00000136   0x4798             BLX      R3
   \   00000138   0x0004             MOVS     R4,R0
   \                     ??tcp_socket_task_19:
   \   0000013A   0xF114 0x0F01      CMN      R4,#+1
   \   0000013E   0xD0C6             BEQ.N    ??tcp_socket_task_15
     55                /* Send back a quote: */   
     56                send(sock, "\nYOU ARE MY BABY!! ", strlen("\nYOU ARE MY BABY! "), 0);// 6.发送包
   \   00000140   0x2C00             CMP      R4,#+0
   \   00000142   0xD002             BEQ.N    ??tcp_socket_task_22
   \   00000144   0xF114 0x0F01      CMN      R4,#+1
   \   00000148   0xD102             BNE.N    ??tcp_socket_task_23
   \                     ??tcp_socket_task_22:
   \   0000014A   0xF05F 0x30FF      MOVS     R0,#-1
   \   0000014E   0xE014             B.N      ??tcp_socket_task_24
   \                     ??tcp_socket_task_23:
   \   00000150   0x68A0             LDR      R0,[R4, #+8]
   \   00000152   0x494A             LDR.N    R1,??tcp_socket_task_0+0xC  ;; 0x52544353
   \   00000154   0x4288             CMP      R0,R1
   \   00000156   0xD002             BEQ.N    ??tcp_socket_task_25
   \   00000158   0xF05F 0x30FF      MOVS     R0,#-1
   \   0000015C   0xE00D             B.N      ??tcp_socket_task_24
   \                     ??tcp_socket_task_25:
   \   0000015E   0x69E0             LDR      R0,[R4, #+28]
   \   00000160   0x6A80             LDR      R0,[R0, #+40]
   \   00000162   0x2800             CMP      R0,#+0
   \   00000164   0xD102             BNE.N    ??tcp_socket_task_26
   \   00000166   0xF05F 0x30FF      MOVS     R0,#-1
   \   0000016A   0xE006             B.N      ??tcp_socket_task_24
   \                     ??tcp_socket_task_26:
   \   0000016C   0x2300             MOVS     R3,#+0
   \   0000016E   0x2212             MOVS     R2,#+18
   \   00000170   0x4947             LDR.N    R1,??tcp_socket_task_0+0x20
   \   00000172   0x0020             MOVS     R0,R4
   \   00000174   0x69E5             LDR      R5,[R4, #+28]
   \   00000176   0x6AAD             LDR      R5,[R5, #+40]
   \   00000178   0x47A8             BLX      R5
     57                connect(sock, &raddr, rlen);
   \                     ??tcp_socket_task_24:
   \   0000017A   0x2C00             CMP      R4,#+0
   \   0000017C   0xD002             BEQ.N    ??tcp_socket_task_27
   \   0000017E   0xF114 0x0F01      CMN      R4,#+1
   \   00000182   0xD102             BNE.N    ??tcp_socket_task_28
   \                     ??tcp_socket_task_27:
   \   00000184   0xF241 0x7004      MOVW     R0,#+5892
   \   00000188   0xE014             B.N      ??tcp_socket_task_29
   \                     ??tcp_socket_task_28:
   \   0000018A   0x68A0             LDR      R0,[R4, #+8]
   \   0000018C   0x493B             LDR.N    R1,??tcp_socket_task_0+0xC  ;; 0x52544353
   \   0000018E   0x4288             CMP      R0,R1
   \   00000190   0xD002             BEQ.N    ??tcp_socket_task_30
   \   00000192   0xF241 0x7004      MOVW     R0,#+5892
   \   00000196   0xE00D             B.N      ??tcp_socket_task_29
   \                     ??tcp_socket_task_30:
   \   00000198   0x69E0             LDR      R0,[R4, #+28]
   \   0000019A   0x6880             LDR      R0,[R0, #+8]
   \   0000019C   0x2800             CMP      R0,#+0
   \   0000019E   0xD102             BNE.N    ??tcp_socket_task_31
   \   000001A0   0xF241 0x7019      MOVW     R0,#+5913
   \   000001A4   0xE006             B.N      ??tcp_socket_task_29
   \                     ??tcp_socket_task_31:
   \   000001A6   0xF8BD 0x2004      LDRH     R2,[SP, #+4]
   \   000001AA   0xA904             ADD      R1,SP,#+16
   \   000001AC   0x0020             MOVS     R0,R4
   \   000001AE   0x69E3             LDR      R3,[R4, #+28]
   \   000001B0   0x689B             LDR      R3,[R3, #+8]
   \   000001B2   0x4798             BLX      R3
     58                _time_delay(1000);
   \                     ??tcp_socket_task_29:
   \   000001B4   0xF44F 0x707A      MOV      R0,#+1000
   \   000001B8   0x.... 0x....      BL       _time_delay
     59               // int cnt=100;
     60          #define TCPIP_SOCKET_DATA_LEN      100
     61                char socket_buf[TCPIP_SOCKET_DATA_LEN+1]="";
   \   000001BC   0xA809             ADD      R0,SP,#+36
   \   000001BE   0x2165             MOVS     R1,#+101
   \   000001C0   0x.... 0x....      BL       __aeabi_memclr4
     62                socket_buf[TCPIP_SOCKET_DATA_LEN] = '\0';
   \   000001C4   0x2000             MOVS     R0,#+0
   \   000001C6   0xF88D 0x0088      STRB     R0,[SP, #+136]
     63                char socket_s[10]="send";
   \   000001CA   0xA806             ADD      R0,SP,#+24
   \   000001CC   0x4931             LDR.N    R1,??tcp_socket_task_0+0x24
   \   000001CE   0x220A             MOVS     R2,#+10
   \   000001D0   0x.... 0x....      BL       __aeabi_memcpy4
   \   000001D4   0xE00D             B.N      ??tcp_socket_task_32
     64                while(1)
     65                {
     66                  /* wk @130331 --> recv()函数是事件触发机制的，如果调用了此函数，需要外部事件触发，此任务才能激活*/
     67                  if (recv(sock, &socket_buf, TCPIP_SOCKET_DATA_LEN, 0) == RTCS_ERROR) // 6.接收包,出错则关连接
     68                  {
     69                    break;
     70                  } 
     71                  
     72                  send(sock, socket_s, strlen(socket_s), 0);///////////回显for test
   \                     ??tcp_socket_task_33:
   \   000001D6   0xA806             ADD      R0,SP,#+24
   \   000001D8   0x.... 0x....      BL       strlen
   \   000001DC   0x0002             MOVS     R2,R0
   \   000001DE   0x2300             MOVS     R3,#+0
   \   000001E0   0xA906             ADD      R1,SP,#+24
   \   000001E2   0x0020             MOVS     R0,R4
   \   000001E4   0x69E5             LDR      R5,[R4, #+28]
   \   000001E6   0x6AAD             LDR      R5,[R5, #+40]
   \   000001E8   0x47A8             BLX      R5
     73                  printf("%s",socket_buf);////////////////////回显for test
   \                     ??tcp_socket_task_34:
   \   000001EA   0xA909             ADD      R1,SP,#+36
   \   000001EC   0xA020             ADR.N    R0,??tcp_socket_task_0  ;; 0x25, 0x73, 0x00, 0x00
   \   000001EE   0x.... 0x....      BL       _io_printf
   \                     ??tcp_socket_task_32:
   \   000001F2   0x2C00             CMP      R4,#+0
   \   000001F4   0xD002             BEQ.N    ??tcp_socket_task_35
   \   000001F6   0xF114 0x0F01      CMN      R4,#+1
   \   000001FA   0xD102             BNE.N    ??tcp_socket_task_36
   \                     ??tcp_socket_task_35:
   \   000001FC   0xF05F 0x30FF      MOVS     R0,#-1
   \   00000200   0xE014             B.N      ??tcp_socket_task_37
   \                     ??tcp_socket_task_36:
   \   00000202   0x68A0             LDR      R0,[R4, #+8]
   \   00000204   0x491D             LDR.N    R1,??tcp_socket_task_0+0xC  ;; 0x52544353
   \   00000206   0x4288             CMP      R0,R1
   \   00000208   0xD002             BEQ.N    ??tcp_socket_task_38
   \   0000020A   0xF05F 0x30FF      MOVS     R0,#-1
   \   0000020E   0xE00D             B.N      ??tcp_socket_task_37
   \                     ??tcp_socket_task_38:
   \   00000210   0x69E0             LDR      R0,[R4, #+28]
   \   00000212   0x69C0             LDR      R0,[R0, #+28]
   \   00000214   0x2800             CMP      R0,#+0
   \   00000216   0xD102             BNE.N    ??tcp_socket_task_39
   \   00000218   0xF05F 0x30FF      MOVS     R0,#-1
   \   0000021C   0xE006             B.N      ??tcp_socket_task_37
   \                     ??tcp_socket_task_39:
   \   0000021E   0x2300             MOVS     R3,#+0
   \   00000220   0x2264             MOVS     R2,#+100
   \   00000222   0xA909             ADD      R1,SP,#+36
   \   00000224   0x0020             MOVS     R0,R4
   \   00000226   0x69E5             LDR      R5,[R4, #+28]
   \   00000228   0x69ED             LDR      R5,[R5, #+28]
   \   0000022A   0x47A8             BLX      R5
   \                     ??tcp_socket_task_37:
   \   0000022C   0xF110 0x0F01      CMN      R0,#+1
   \   00000230   0xD104             BNE.N    ??tcp_socket_task_40
     74                 // cnt--;
     75                }
     76                shutdown(sock, FLAG_CLOSE_TX);// 7.关包
   \   00000232   0x2101             MOVS     R1,#+1
   \   00000234   0x0020             MOVS     R0,R4
   \   00000236   0x.... 0x....      BL       RTCS_shutdown
   \   0000023A   0xE74F             B.N      ??tcp_socket_task_14
   \                     ??tcp_socket_task_40:
   \   0000023C   0x2C00             CMP      R4,#+0
   \   0000023E   0xD002             BEQ.N    ??tcp_socket_task_41
   \   00000240   0xF114 0x0F01      CMN      R4,#+1
   \   00000244   0xD102             BNE.N    ??tcp_socket_task_42
   \                     ??tcp_socket_task_41:
   \   00000246   0xF05F 0x30FF      MOVS     R0,#-1
   \   0000024A   0xE7CE             B.N      ??tcp_socket_task_34
   \                     ??tcp_socket_task_42:
   \   0000024C   0x68A0             LDR      R0,[R4, #+8]
   \   0000024E   0x490B             LDR.N    R1,??tcp_socket_task_0+0xC  ;; 0x52544353
   \   00000250   0x4288             CMP      R0,R1
   \   00000252   0xD002             BEQ.N    ??tcp_socket_task_43
   \   00000254   0xF05F 0x30FF      MOVS     R0,#-1
   \   00000258   0xE7C7             B.N      ??tcp_socket_task_34
   \                     ??tcp_socket_task_43:
   \   0000025A   0x69E0             LDR      R0,[R4, #+28]
   \   0000025C   0x6A80             LDR      R0,[R0, #+40]
   \   0000025E   0x2800             CMP      R0,#+0
   \   00000260   0xD1B9             BNE.N    ??tcp_socket_task_33
   \   00000262   0xF05F 0x30FF      MOVS     R0,#-1
   \   00000266   0xE7C0             B.N      ??tcp_socket_task_34
     77              } 
     78              else
     79              {
     80                printf("\n TcpIP port socket is not right! ");
   \                     ??tcp_socket_task_16:
   \   00000268   0x480B             LDR.N    R0,??tcp_socket_task_0+0x28
   \   0000026A   0x.... 0x....      BL       _io_printf
   \   0000026E   0xE735             B.N      ??tcp_socket_task_14
   \                     ??tcp_socket_task_0:
   \   00000270   0x25 0x73          DC8      0x25, 0x73, 0x00, 0x00
   \              0x00 0x00    
   \   00000274   0x........         DC32     SOCK_STREAM_CALL
   \   00000278   0x........         DC32     `?<Constant "\\nFailed to create the...">`
   \   0000027C   0x52544353         DC32     0x52544353
   \   00000280   0x........         DC32     `?<Constant "\\nFailed to bind the s...">`
   \   00000284   0x........         DC32     `?<Constant "\\nlisten() failed - 0x%lx">`
   \   00000288   0x........         DC32     `?<Constant "\\n\\nSocket Server is ac...">`
   \   0000028C   0x........         DC32     `?<Constant "\\naccept() failed, err...">`
   \   00000290   0x........         DC32     `?<Constant "\\nYOU ARE MY BABY!! ">`
   \   00000294   0x........         DC32     `?<Constant "send">`
   \   00000298   0x........         DC32     `?<Constant "\\n TcpIP port socket i...">`
     81              }
     82              
     83            }
     84            
     85            
     86            
     87          }

   \                                 In section .rodata, align 4
   \                     `?<Constant "\\nFailed to create the...">`:
   \   00000000   0x0A 0x46          DC8 "\012Failed to create the stream socket."
   \              0x61 0x69    
   \              0x6C 0x65    
   \              0x64 0x20    
   \              0x74 0x6F    
   \              0x20 0x63    
   \              0x72 0x65    
   \              0x61 0x74    
   \              0x65 0x20    
   \              0x74 0x68    
   \              0x65 0x20    
   \              0x73 0x74    
   \              0x72 0x65    
   \              0x61 0x6D    
   \              0x20 0x73    
   \              0x6F 0x63    
   \              0x6B 0x65    
   \              0x74 0x2E    
   \              0x00         
   \   00000025   0x00 0x00          DC8 0, 0, 0
   \              0x00         

   \                                 In section .rodata, align 4
   \                     `?<Constant "\\nFailed to bind the s...">`:
   \   00000000   0x0A 0x46          DC8 "\012Failed to bind the stream socket - 0x%lx"
   \              0x61 0x69    
   \              0x6C 0x65    
   \              0x64 0x20    
   \              0x74 0x6F    
   \              0x20 0x62    
   \              0x69 0x6E    
   \              0x64 0x20    
   \              0x74 0x68    
   \              0x65 0x20    
   \              0x73 0x74    
   \              0x72 0x65    
   \              0x61 0x6D    
   \              0x20 0x73    
   \              0x6F 0x63    
   \              0x6B 0x65    
   \              0x74 0x20    
   \              0x2D 0x20    
   \              0x30 0x78    
   \              0x25 0x6C    
   \              0x78 0x00    
   \   0000002A   0x00 0x00          DC8 0, 0

   \                                 In section .rodata, align 4
   \                     `?<Constant "\\nlisten() failed - 0x%lx">`:
   \   00000000   0x0A 0x6C          DC8 "\012listen() failed - 0x%lx"
   \              0x69 0x73    
   \              0x74 0x65    
   \              0x6E 0x28    
   \              0x29 0x20    
   \              0x66 0x61    
   \              0x69 0x6C    
   \              0x65 0x64    
   \              0x20 0x2D    
   \              0x20 0x30    
   \              0x78 0x25    
   \              0x6C 0x78    
   \              0x00         
   \   00000019   0x00 0x00          DC8 0, 0, 0
   \              0x00         

   \                                 In section .rodata, align 4
   \                     `?<Constant "\\n\\nSocket Server is ac...">`:
   \   00000000   0x0A 0x0A          DC8 "\012\012Socket Server is active on port %u.\012"
   \              0x53 0x6F    
   \              0x63 0x6B    
   \              0x65 0x74    
   \              0x20 0x53    
   \              0x65 0x72    
   \              0x76 0x65    
   \              0x72 0x20    
   \              0x69 0x73    
   \              0x20 0x61    
   \              0x63 0x74    
   \              0x69 0x76    
   \              0x65 0x20    
   \              0x6F 0x6E    
   \              0x20 0x70    
   \              0x6F 0x72    
   \              0x74 0x20    
   \              0x25 0x75    
   \              0x2E 0x0A    
   \              0x00         
   \   00000027   0x00               DC8 0

   \                                 In section .rodata, align 4
   \                     `?<Constant "\\naccept() failed, err...">`:
   \   00000000   0x0A 0x61          DC8 "\012accept() failed, error 0x%lx"
   \              0x63 0x63    
   \              0x65 0x70    
   \              0x74 0x28    
   \              0x29 0x20    
   \              0x66 0x61    
   \              0x69 0x6C    
   \              0x65 0x64    
   \              0x2C 0x20    
   \              0x65 0x72    
   \              0x72 0x6F    
   \              0x72 0x20    
   \              0x30 0x78    
   \              0x25 0x6C    
   \              0x78 0x00    
   \   0000001E   0x00 0x00          DC8 0, 0

   \                                 In section .rodata, align 4
   \                     `?<Constant "\\nYOU ARE MY BABY!! ">`:
   \   00000000   0x0A 0x59          DC8 "\012YOU ARE MY BABY!! "
   \              0x4F 0x55    
   \              0x20 0x41    
   \              0x52 0x45    
   \              0x20 0x4D    
   \              0x59 0x20    
   \              0x42 0x41    
   \              0x42 0x59    
   \              0x21 0x21    
   \              0x20 0x00    

   \                                 In section .rodata, align 4
   \   00000000   0x00               DC8 ""
   \   00000001   0x00 0x00          DC8 0, 0, 0
   \              0x00         

   \                                 In section .rodata, align 4
   \                     `?<Constant "send">`:
   \   00000000   0x73 0x65          DC8 "send"
   \              0x6E 0x64    
   \              0x00         
   \   00000005   0x00 0x00          DC8 0, 0, 0
   \              0x00         

   \                                 In section .rodata, align 4
   \   00000000   0x25 0x73          DC8 "%s"
   \              0x00         
   \   00000003   0x00               DC8 0

   \                                 In section .rodata, align 4
   \                     `?<Constant "\\n TcpIP port socket i...">`:
   \   00000000   0x0A 0x20          DC8 "\012 TcpIP port socket is not right! "
   \              0x54 0x63    
   \              0x70 0x49    
   \              0x50 0x20    
   \              0x70 0x6F    
   \              0x72 0x74    
   \              0x20 0x73    
   \              0x6F 0x63    
   \              0x6B 0x65    
   \              0x74 0x20    
   \              0x69 0x73    
   \              0x20 0x6E    
   \              0x6F 0x74    
   \              0x20 0x72    
   \              0x69 0x67    
   \              0x68 0x74    
   \              0x21 0x20    
   \              0x00         
   \   00000023   0x00               DC8 0
     88          

   Maximum stack usage in bytes:

   .cstack Function
   ------- --------
      152  tcp_socket_task
             152 -- Indirect call
             152 -> RTCS_geterror
             152 -> RTCS_shutdown
             152 -> RTCS_socket
             152 -> _RTCS_selectset
             152 -> __aeabi_memclr4
             152 -> __aeabi_memcpy4
             152 -> _io_printf
             152 -> _task_block
             152 -> _time_delay
             152 -> strlen


   Section sizes:

   Bytes  Function/Label
   -----  --------------
       4  ?<Constant "">
       4  ?<Constant "%s">
      36  ?<Constant "\n TcpIP port socket i...">
      44  ?<Constant "\nFailed to bind the s...">
      40  ?<Constant "\nFailed to create the...">
      20  ?<Constant "\nYOU ARE MY BABY!! ">
      40  ?<Constant "\n\nSocket Server is ac...">
      32  ?<Constant "\naccept() failed, err...">
      28  ?<Constant "\nlisten() failed - 0x%lx">
       8  ?<Constant "send">
     668  tcp_socket_task

 
 256 bytes in section .rodata
 668 bytes in section .text
 
 668 bytes of CODE  memory
 256 bytes of CONST memory

Errors: none
Warnings: 1
