###############################################################################
#                                                                             #
# IAR ANSI C/C++ Compiler V6.30.1.53127/W32 for ARM     01/Apr/2013  14:28:11 #
# Copyright 1999-2011 IAR Systems AB.                                         #
#                                                                             #
#    Cpu mode     =  thumb                                                    #
#    Endian       =  little                                                   #
#    Source file  =  L:\git_workspace\YD_PRJ_NEW_20130323_git_\Source\yada_pr #
#                    j.c                                                      #
#    Command line =  L:\git_workspace\YD_PRJ_NEW_20130323_git_\Source\yada_pr #
#                    j.c -D _DEBUG=1 -lC "L:\git_workspace\YD_PRJ_NEW_2013032 #
#                    3_git_\IAR\twrk60n512\Int Flash Debug\List\" -lA         #
#                    "L:\git_workspace\YD_PRJ_NEW_20130323_git_\IAR\twrk60n51 #
#                    2\Int Flash Debug\List\" --diag_suppress                 #
#                    Pa039,Pa082,Pe186 -o "L:\git_workspace\YD_PRJ_NEW_201303 #
#                    23_git_\IAR\twrk60n512\Int Flash Debug\Obj\" --no_cse    #
#                    --no_unroll --no_inline --no_code_motion --no_tbaa       #
#                    --no_clustering --no_scheduling --debug --endian=little  #
#                    --cpu=Cortex-M4 -e --fpu=None --dlib_config "D:\Program  #
#                    Files\IAR Systems\Embedded Workbench                     #
#                    6.0\arm\INC\c\DLib_Config_Normal.h" -I                   #
#                    L:\git_workspace\YD_PRJ_NEW_20130323_git_\IAR\..\lib\twr #
#                    k60n512.iar\ -I L:\git_workspace\YD_PRJ_NEW_20130323_git #
#                    _\IAR\..\lib\twrk60n512.iar\bsp\ -I                      #
#                    L:\git_workspace\YD_PRJ_NEW_20130323_git_\IAR\..\lib\twr #
#                    k60n512.iar\psp\ -I L:\git_workspace\YD_PRJ_NEW_20130323 #
#                    _git_\IAR\..\lib\twrk60n512.iar\bsp\Generated_Code\ -I   #
#                    L:\git_workspace\YD_PRJ_NEW_20130323_git_\IAR\..\lib\twr #
#                    k60n512.iar\rtcs\ -I L:\git_workspace\YD_PRJ_NEW_2013032 #
#                    3_git_\IAR\..\lib\twrk60n512.iar\mfs\ -I                 #
#                    L:\git_workspace\YD_PRJ_NEW_20130323_git_\IAR\..\lib\twr #
#                    k60n512.iar\usb\host\ -I L:\git_workspace\YD_PRJ_NEW_201 #
#                    30323_git_\IAR\..\lib\twrk60n512.iar\shell\ -I           #
#                    L:\git_workspace\YD_PRJ_NEW_20130323_git_\IAR\..\lib\twr #
#                    k60n512.iar\usb\ -I L:\git_workspace\YD_PRJ_NEW_20130323 #
#                    _git_\IAR\..\ -I L:\git_workspace\YD_PRJ_NEW_20130323_gi #
#                    t_\IAR\..\Source\Source_MQX\ -I "E:\Freescale\Freescale  #
#                    MQX 3.8\shell\source\include\" -Ol --use_c++_inline      #
#    List file    =  L:\git_workspace\YD_PRJ_NEW_20130323_git_\IAR\twrk60n512 #
#                    \Int Flash Debug\List\yada_prj.lst                       #
#    Object file  =  L:\git_workspace\YD_PRJ_NEW_20130323_git_\IAR\twrk60n512 #
#                    \Int Flash Debug\Obj\yada_prj.o                          #
#                                                                             #
#                                                                             #
###############################################################################

L:\git_workspace\YD_PRJ_NEW_20130323_git_\Source\yada_prj.c
      1          
      2          #include <mqx.h>
      3          #include <bsp.h> 
      4          #include <fio.h>
      5          #include <string.h>
      6          #include "shell.h" // shell function
      7          #include "sh_prv.h"// shell function
      8          #include <mfs.h>  // wk @130330 --> test mfs func
      9          
     10          #include "System.h"
     11          /* application *.h */
     12          #include "MenuView.h"
     13          #include "LCDDriver.h"
     14          #include "LCDUart.h"
     15          #include "DSPSPI.h" 
     16          
     17          #if ! BSPCFG_ENABLE_IO_SUBSYSTEM
     18          #error This application requires BSPCFG_ENABLE_IO_SUBSYSTEM defined non-zero in user_config.h. Please recompile BSP with this option.
     19          #endif
     20          
     21          #define _GUI_DBUG_
     22          /* Task IDs */
     23          #define RS232_TASK 5
     24          #define LPT_FLAG_CLOCK_SOURCE_LPO           (0x00000002) // wk @130330 --> test timer
     25          

   \                                 In section .bss, align 1
     26          volatile U8 RefreshFlg; // 页面刷新标志
   \                     RefreshFlg:
   \   00000000                      DS8 1

   \                                 In section .bss, align 1
     27          U8 U_FLAG = 0;
   \                     U_FLAG:
   \   00000000                      DS8 1

   \                                 In section .data, align 4
     28          uchar read_buffer[8]={0x12,0x23};
   \                     read_buffer:
   \   00000000   0x12 0x23          DC8 18, 35, 0, 0, 0, 0, 0, 0
   \              0x00 0x00    
   \              0x00 0x00    
   \              0x00 0x00    

   \                                 In section .bss, align 1
     29          static U8 File_flg; // 第一次启动时建立文件夹标志
   \                     File_flg:
   \   00000000                      DS8 1
     30          
     31          extern void YaDa(uint_32);
     32          extern void MainLoop();
     33          
     34          extern void USB_task(uint_32 param);
     35          //extern void sdcard_task(uint_32 param);
     36          extern void FTP_task(uint_32 param);
     37          extern void Shell_Task(uint_32 param);
     38          extern void LCDTouchSel_Task(uint_32 param);
     39          extern void SPIDMA_Task( uint_32 param);
     40          extern void sdcard_task(uint_32 temp);
     41          extern void PIN2(uint_32 temp);
     42          extern void mem_flash_app(uint_32 temp);
     43          extern void tcp_socket_task( uint_32 val);
     44          //void LCDTouchSel(uint_32 param);
     45          
     46          void flg_int();
     47          
     48          /*  pin2 int callback function */

   \                                 In section .text, align 2, keep-with-next
     49          void int_callback(void) 
     50          {
   \                     int_callback:
   \   00000000   0xB580             PUSH     {R7,LR}
     51            pointer ppin2_event;
     52            _event_open("pin2_event",&ppin2_event);
   \   00000002   0xA900             ADD      R1,SP,#+0
   \   00000004   0x.... 0x....      LDR.W    R0,??DataTable4
   \   00000008   0x.... 0x....      BL       _event_open
     53            _event_set(ppin2_event,0x04);
   \   0000000C   0x2104             MOVS     R1,#+4
   \   0000000E   0x9800             LDR      R0,[SP, #+0]
   \   00000010   0x.... 0x....      BL       _event_set
     54            
     55            printf("Switch2 is pressed(int mode)!\n");
   \   00000014   0x.... 0x....      LDR.W    R0,??DataTable4_1
   \   00000018   0x.... 0x....      BL       _io_printf
     56          }
   \   0000001C   0xBD01             POP      {R0,PC}          ;; return
     57          /*******************************************************************************
     58          ** Function Name	：timser_isr
     59          ** Input		：device num of timer
     60          ** Return		：void
     61          ** Author		：wk
     62          ** Version	：v1.0
     63          ** Date		：130330
     64          ** Dessription	：LPT 定时器中断函数入口
     65          ** Reverse	：
     66          *******************************************************************************/

   \                                 In section .text, align 2, keep-with-next
     67          static void timer_isr
     68              (
     69                  pointer parameter
     70              )
     71          {
   \                     timer_isr:
   \   00000000   0xB510             PUSH     {R4,LR}
   \   00000002   0x0004             MOVS     R4,R0
     72              uint_32 timer = (uint_32)parameter;
     73              
     74              /* Stop the timer */
     75              _lpt_run (timer, FALSE);
                     ^
Warning[Pe223]: function "_lpt_run" declared implicitly
   \   00000004   0x2100             MOVS     R1,#+0
   \   00000006   0x0020             MOVS     R0,R4
   \   00000008   0x.... 0x....      BL       _lpt_run
     76              _lpt_clear_int (timer);
                     ^
Warning[Pe223]: function "_lpt_clear_int" declared implicitly
   \   0000000C   0x0020             MOVS     R0,R4
   \   0000000E   0x.... 0x....      BL       _lpt_clear_int
     77          
     78          //    printf("\nhellow\n");
     79              
     80              _lpt_init(0,2 * 1000000 , LPT_FLAG_CLOCK_SOURCE_LPO,TRUE);
                     ^
Warning[Pe223]: function "_lpt_init" declared implicitly
   \   00000012   0x2301             MOVS     R3,#+1
   \   00000014   0x2202             MOVS     R2,#+2
   \   00000016   0x.... 0x....      LDR.W    R1,??DataTable4_2  ;; 0x1e8480
   \   0000001A   0x2000             MOVS     R0,#+0
   \   0000001C   0x.... 0x....      BL       _lpt_init
     81          }
   \   00000020   0xBD10             POP      {R4,PC}          ;; return
     82          
     83          /*
     84          ** 作者：
     85          ** 时间：2013-02-27
     86          ** 说明： Task ：YADA 与 Shell_Task 的优先级问题
     87          **　      在目前调试阶段，需要运行谁，将优先级提高
     88          **    --> 最后完善阶段，需要通过在 YADA 任务中选择调用 Shell_Task <--   ,--> 已解决，通过PIN2任务
     89          */

   \                                 In section .rodata, align 4
     90          const TASK_TEMPLATE_STRUCT  MQX_template_list[] =    //  | MQX_TIME_SLICE_TASK
   \                     MQX_template_list:
   \   00000000   0x00000001         DC32 1, YaDa, 1500, 11, `?<Constant "MAIN&GUI_Task">`, 1, 0, 1000, 2
   \              0x........   
   \              0x000005DC   
   \              0x0000000B   
   \              0x........   
   \              0x00000001   
   \              0x00000000   
   \              0x000003E8   
   \              0x00000002   
   \   00000024   0x........         DC32 Shell_Task, 4000, 12, `?<Constant "Shell_Task">`, 1, 0, 1000, 3
   \              0x00000FA0   
   \              0x0000000C   
   \              0x........   
   \              0x00000001   
   \              0x00000000   
   \              0x000003E8   
   \              0x00000003   
   \   00000044   0x........         DC32 FTP_task, 2000, 9, `?<Constant "FTP_Task">`, 1, 0, 0, 4
   \              0x000007D0   
   \              0x00000009   
   \              0x........   
   \              0x00000001   
   \              0x00000000   
   \              0x00000000   
   \              0x00000004   
   \   00000064   0x........         DC32 tcp_socket_task, 3000, 9, `?<Constant "tcp_socket_task">`, 0, 0, 0
   \              0x00000BB8   
   \              0x00000009   
   \              0x........   
   \              0x00000000   
   \              0x00000000   
   \              0x00000000   
   \   00000080   0x00000005         DC32 5, USB_task, 5200, 8, `?<Constant "USB_Task">`, 1, 0, 0, 6
   \              0x........   
   \              0x00001450   
   \              0x00000008   
   \              0x........   
   \              0x00000001   
   \              0x00000000   
   \              0x00000000   
   \              0x00000006   
   \   000000A4   0x........         DC32 mem_flash_app, 4000, 8, `?<Constant "Flash_Task">`, 1, 0, 0, 7
   \              0x00000FA0   
   \              0x00000008   
   \              0x........   
   \              0x00000001   
   \              0x00000000   
   \              0x00000000   
   \              0x00000007   
   \   000000C4   0x........         DC32 LCDTouchSel_Task, 1000, 7, `?<Constant "UartTouch_Task">`, 1, 0, 0
   \              0x000003E8   
   \              0x00000007   
   \              0x........   
   \              0x00000001   
   \              0x00000000   
   \              0x00000000   
   \   000000E0   0x00000008         DC32 8, SPIDMA_Task, 5000, 6, `?<Constant "SPIDMA_Task">`, 1, 0, 0, 11
   \              0x........   
   \              0x00001388   
   \              0x00000006   
   \              0x........   
   \              0x00000001   
   \              0x00000000   
   \              0x00000000   
   \              0x0000000B   
   \   00000104   0x........         DC32 PIN2, 500, 9, `?<Constant "PIN2_Task">`, 1, 0, 0, 0
   \              0x000001F4   
   \              0x00000009   
   \              0x........   
   \              0x00000001   
   \              0x00000000   
   \              0x00000000   
   \              0x00000000   
   \   00000124   0x00 0x00          DC8 0, 0, 0, 0, 0, 0, 0, 0, 0, 0, 0, 0, 0, 0, 0, 0
   \              0x00 0x00    
   \              0x00 0x00    
   \              0x00 0x00    
   \              0x00 0x00    
   \              0x00 0x00    
   \              0x00 0x00    
   \              0x00 0x00    
   \   00000134   0x00 0x00          DC8 0, 0, 0, 0, 0, 0, 0, 0, 0, 0, 0, 0
   \              0x00 0x00    
   \              0x00 0x00    
   \              0x00 0x00    
   \              0x00 0x00    
   \              0x00 0x00    
     91          { 
     92             /* Task Index,   Function,         Stack,  Priority, Name,     Attributes,          Param, Time Slice */
     93             {1,  YaDa,       1500,   11,         "MAIN&GUI_Task", MQX_AUTO_START_TASK , 0,    1000 },  // | MQX_TIME_SLICE_TASK
     94             {2,  Shell_Task, 4000L,  12, "Shell_Task",   MQX_AUTO_START_TASK, 0,     1000 },  //  | MQX_TIME_SLICE_TASK
     95             
     96             {3,  FTP_task,   2000,   9L,   "FTP_Task",     MQX_AUTO_START_TASK, 0,     0 },
     97             {4,  tcp_socket_task,   3000,   9L,   "tcp_socket_task",     0, 0,     0 },
     98             {5,  USB_task,   5200L,  8L,   "USB_Task",     MQX_AUTO_START_TASK, 0,     0 },
     99             {6,  mem_flash_app, 4000L,  8L,   "Flash_Task",     MQX_AUTO_START_TASK, 0,     0 },
    100             
    101             {7,  LCDTouchSel_Task ,1000,7 , "UartTouch_Task", MQX_AUTO_START_TASK, 0 , 0},
    102             {8,  SPIDMA_Task , 5000, 6 , "SPIDMA_Task",MQX_AUTO_START_TASK,0 ,0 },
    103             //   {10,  sdcard_task,2000L,  8L, "SDcard",  MQX_AUTO_START_TASK, 0,     0 },
    104             {11, PIN2,       500,   9L,  "PIN2_Task", MQX_AUTO_START_TASK,0 ,0 }, // 按键的处理任务
    105             { 0 }
    106          };
    107          
    108          /*TASK*-----------------------------------------------------
    109          * 
    110          * Task Name    : YaDa
    111          * Comments     :
    112          *    
    113          *
    114          *END*-----------------------------------------------------*/
    115          

   \                                 In section .text, align 2, keep-with-next
    116          void YaDa
    117             (
    118                uint_32 initial_data
    119             )
    120          {
   \                     YaDa:
   \   00000000   0xB510             PUSH     {R4,LR}
   \   00000002   0xB08E             SUB      SP,SP,#+56
    121          #ifdef _GUI_DBUG_
    122             printf("\n----------MAIN&GUI_Task----------\n");
   \   00000004   0x.... 0x....      LDR.W    R0,??DataTable4_3
   \   00000008   0x.... 0x....      BL       _io_printf
    123             printf("\n----------             ----------\n");
   \   0000000C   0x.... 0x....      LDR.W    R0,??DataTable4_4
   \   00000010   0x.... 0x....      BL       _io_printf
    124             printf("\n----------             ----------\n");
   \   00000014   0x.... 0x....      LDR.W    R0,??DataTable4_4
   \   00000018   0x.... 0x....      BL       _io_printf
    125             printf("\n----------      END    ----------\n");
   \   0000001C   0x.... 0x....      LDR.W    R0,??DataTable4_5
   \   00000020   0x.... 0x....      BL       _io_printf
    126          #endif 
    127            
    128            UartLCD_init();  // uart initialization
   \   00000024   0x.... 0x....      BL       UartLCD_init
    129            UartTouch_init();
   \   00000028   0x.... 0x....      BL       UartTouch_init
    130            flg_int(); // wk --> 初始化一些标志 !  
   \   0000002C   0x.... 0x....      BL       flg_int
    131            spi2_dma_int(); // dsp2k60 spi2 初始化
   \   00000030   0x.... 0x....      BL       spi2_dma_int
    132            
    133            YADA_70(PageStart); //必要的初始化后进入首页
   \   00000034   0x2001             MOVS     R0,#+1
   \   00000036   0x.... 0x....      BL       YADA_70
    134            delay_ms(1000); // wk -->test  延时1s
   \   0000003A   0xF44F 0x707A      MOV      R0,#+1000
   \   0000003E   0x.... 0x....      BL       delay_ms
    135          //  YADA_E4();  // wk --> 屏幕校正
    136            YADA_70(MenuTop);  // 进入菜单首页
   \   00000042   0x2000             MOVS     R0,#+0
   \   00000044   0x.... 0x....      BL       YADA_70
    137            
    138            RefreshFlg = 0; //页面无刷新
   \   00000048   0x....             LDR.N    R0,??DataTable4_6
   \   0000004A   0x2100             MOVS     R1,#+0
   \   0000004C   0x7001             STRB     R1,[R0, #+0]
    139            
    140            /* test function of USB */  // wk --> for test  2013-02-28
    141            char_ptr create[]={"test","kkM2.txt"},write[]={"write","kkM2.txt","6"};  // wk --> test array of USB
   \   0000004E   0xA808             ADD      R0,SP,#+32
   \   00000050   0x....             LDR.N    R1,??DataTable4_7
   \   00000052   0xC90C             LDM      R1!,{R2,R3}
   \   00000054   0xC00C             STM      R0!,{R2,R3}
   \   00000056   0x3908             SUBS     R1,R1,#+8
   \   00000058   0x3808             SUBS     R0,R0,#+8
   \   0000005A   0xA80A             ADD      R0,SP,#+40
   \   0000005C   0x....             LDR.N    R1,??DataTable4_8
   \   0000005E   0xC91C             LDM      R1!,{R2-R4}
   \   00000060   0xC01C             STM      R0!,{R2-R4}
   \   00000062   0x390C             SUBS     R1,R1,#+12
   \   00000064   0x380C             SUBS     R0,R0,#+12
    142          //  char_ptr buf[]={"test","kkM1.txt","6","begin","5","123456"};
    143          //  char_ptr buf_1[]={"test","kkM4.txt","begin","5"};
    144          //  uchar data[]={1,2,3,4,5,6};
    145            Shell_create(2,create); 
                   ^
Warning[Pe223]: function "Shell_create" declared implicitly
   \   00000066   0xA908             ADD      R1,SP,#+32
   \   00000068   0x2002             MOVS     R0,#+2
   \   0000006A   0x.... 0x....      BL       Shell_create
    146            Shell_write(3,write);   
                   ^
Warning[Pe223]: function "Shell_write" declared implicitly
   \   0000006E   0xA90A             ADD      R1,SP,#+40
   \   00000070   0x2003             MOVS     R0,#+3
   \   00000072   0x.... 0x....      BL       Shell_write
    147          ////  Shell_write_buf(6,buf);
    148          //  Shell_write_binary(4,buf_1,6,data);
    149          //  /* read test */
    150          //    uchar data_r[10]={0};
    151          //    char_ptr read_buf[]={"read","kkM4.txt","5","begin","0"};
    152          //    Shell_read_wk(5,read_buf,data_r);
    153          //    printf("\n-------------------------read_test--------------------\n");
    154          //    for(int i=0;i<10;i++)
    155          //    {
    156          //      printf("data_r[%d]=%x\n",i,data_r[i]);
    157          //    }
    158          //    printf("end\n\n");
    159          //    
    160              if(File_flg==0)
   \   00000076   0x....             LDR.N    R0,??DataTable4_9
   \   00000078   0x7800             LDRB     R0,[R0, #+0]
   \   0000007A   0x2800             CMP      R0,#+0
   \   0000007C   0xD120             BNE.N    ??YaDa_0
    161              {
    162               SHELL_CONTEXT_PTR    shell_ptr;
    163               shell_ptr = _mem_alloc_zero( sizeof( SHELL_CONTEXT ));
   \   0000007E   0xF44F 0x70F2      MOV      R0,#+484
   \   00000082   0x.... 0x....      BL       _lwmem_alloc_zero
   \   00000086   0x0004             MOVS     R4,R0
    164               _mem_set_type(shell_ptr, MEM_TYPE_SHELL_CONTEXT);
   \   00000088   0xF245 0x0101      MOVW     R1,#+20481
   \   0000008C   0x0020             MOVS     R0,R4
   \   0000008E   0x.... 0x....      BL       _lwmem_set_type
    165               
    166                shell_ptr->ARGC = 2;
   \   00000092   0x2002             MOVS     R0,#+2
   \   00000094   0x6220             STR      R0,[R4, #+32]
    167                shell_ptr->ARGV[0]="cd";
   \   00000096   0x....             ADR.N    R0,??DataTable3  ;; 0x63, 0x64, 0x00, 0x00
   \   00000098   0x6020             STR      R0,[R4, #+0]
    168                shell_ptr->ARGV[1]="f:\\"; 
   \   0000009A   0x....             ADR.N    R0,??DataTable3_1  ;; "f:\\"
   \   0000009C   0x6060             STR      R0,[R4, #+4]
    169                Shell_cd(shell_ptr->ARGC, shell_ptr->ARGV);
                       ^
Warning[Pe223]: function "Shell_cd" declared implicitly
   \   0000009E   0x0021             MOVS     R1,R4
   \   000000A0   0x6A20             LDR      R0,[R4, #+32]
   \   000000A2   0x.... 0x....      BL       Shell_cd
    170                
    171                shell_ptr->ARGC = 2;
   \   000000A6   0x2002             MOVS     R0,#+2
   \   000000A8   0x6220             STR      R0,[R4, #+32]
    172                shell_ptr->ARGV[0]="mkdir";
   \   000000AA   0x....             LDR.N    R0,??DataTable4_10
   \   000000AC   0x6020             STR      R0,[R4, #+0]
    173                shell_ptr->ARGV[1]="sysset"; 
   \   000000AE   0x....             LDR.N    R0,??DataTable4_11
   \   000000B0   0x6060             STR      R0,[R4, #+4]
    174                Shell_mkdir(shell_ptr->ARGC, shell_ptr->ARGV);
                       ^
Warning[Pe223]: function "Shell_mkdir" declared implicitly
   \   000000B2   0x0021             MOVS     R1,R4
   \   000000B4   0x6A20             LDR      R0,[R4, #+32]
   \   000000B6   0x.... 0x....      BL       Shell_mkdir
    175                File_flg=1;
   \   000000BA   0x....             LDR.N    R0,??DataTable4_9
   \   000000BC   0x2101             MOVS     R1,#+1
   \   000000BE   0x7001             STRB     R1,[R0, #+0]
    176              }
    177            /* Test end */
    178              /*wk@130330 -->  test mfs function */
    179              MQX_FILE_PTR mfs_fd_ptr;
    180              mfs_fd_ptr = fopen("f:",NULL);
   \                     ??YaDa_0:
   \   000000C0   0x2100             MOVS     R1,#+0
   \   000000C2   0x....             ADR.N    R0,??DataTable3_2  ;; 0x66, 0x3A, 0x00, 0x00
   \   000000C4   0x.... 0x....      BL       _io_fopen
   \   000000C8   0x0004             MOVS     R4,R0
    181              uchar result;   
    182          //    char pathname[261];
    183          //    ioctl(mfs_fs_ptr, IO_IOCTL_GET_CURRENT_DIR,(uint_32_ptr) pathname);
    184          //    printf("The current directory is: %s\n", pathname);   
    185              uint_64 space_fr,space;
    186              result= ioctl(mfs_fd_ptr,IO_IOCTL_FREE_SPACE,&space_fr);
   \   000000CA   0xAA06             ADD      R2,SP,#+24
   \   000000CC   0xF44F 0x7182      MOV      R1,#+260
   \   000000D0   0x0020             MOVS     R0,R4
   \   000000D2   0x.... 0x....      BL       _io_ioctl
    187              printf("\nspace=%d\tresult=%d\n",space_fr,result);
   \   000000D6   0xB2C0             UXTB     R0,R0            ;; ZeroExt  R0,R0,#+24,#+24
   \   000000D8   0x9000             STR      R0,[SP, #+0]
   \   000000DA   0xE9DD 0x2306      LDRD     R2,R3,[SP, #+24]
   \   000000DE   0x....             LDR.N    R0,??DataTable4_12
   \   000000E0   0x.... 0x....      BL       _io_printf
    188              
    189              result=ioctl(mfs_fd_ptr,IO_IOCTL_GET_CLUSTER_SIZE,&space );
   \   000000E4   0xAA04             ADD      R2,SP,#+16
   \   000000E6   0xF44F 0x718E      MOV      R1,#+284
   \   000000EA   0x0020             MOVS     R0,R4
   \   000000EC   0x.... 0x....      BL       _io_ioctl
    190              printf("\nspace=%d\tresult=%d\n",space,result);
   \   000000F0   0xB2C0             UXTB     R0,R0            ;; ZeroExt  R0,R0,#+24,#+24
   \   000000F2   0x9000             STR      R0,[SP, #+0]
   \   000000F4   0xE9DD 0x2304      LDRD     R2,R3,[SP, #+16]
   \   000000F8   0x....             LDR.N    R0,??DataTable4_12
   \   000000FA   0x.... 0x....      BL       _io_printf
    191              
    192              SHELL_CONTEXT_PTR    shell_ptr;
    193              shell_ptr = _mem_alloc_zero( sizeof( SHELL_CONTEXT ));
   \   000000FE   0xF44F 0x70F2      MOV      R0,#+484
   \   00000102   0x.... 0x....      BL       _lwmem_alloc_zero
   \   00000106   0x0004             MOVS     R4,R0
    194              _mem_set_type(shell_ptr, MEM_TYPE_SHELL_CONTEXT);
   \   00000108   0xF245 0x0101      MOVW     R1,#+20481
   \   0000010C   0x0020             MOVS     R0,R4
   \   0000010E   0x.... 0x....      BL       _lwmem_set_type
    195              
    196              shell_ptr->ARGC = 2;
   \   00000112   0x2002             MOVS     R0,#+2
   \   00000114   0x6220             STR      R0,[R4, #+32]
    197              shell_ptr->ARGV[0]="cd";
   \   00000116   0x....             ADR.N    R0,??DataTable3  ;; 0x63, 0x64, 0x00, 0x00
   \   00000118   0x6020             STR      R0,[R4, #+0]
    198              shell_ptr->ARGV[1]="f:\\sysset"; 
   \   0000011A   0x....             LDR.N    R0,??DataTable4_13
   \   0000011C   0x6060             STR      R0,[R4, #+4]
    199              Shell_cd(shell_ptr->ARGC, shell_ptr->ARGV);
                     ^
Warning[Pe223]: function "Shell_cd" declared implicitly
   \   0000011E   0x0021             MOVS     R1,R4
   \   00000120   0x6A20             LDR      R0,[R4, #+32]
   \   00000122   0x.... 0x....      BL       Shell_cd
    200                        
    201              shell_ptr->ARGC=1;
   \   00000126   0x2001             MOVS     R0,#+1
   \   00000128   0x6220             STR      R0,[R4, #+32]
    202              shell_ptr->ARGV[0]="pwd";
   \   0000012A   0x....             ADR.N    R0,??DataTable3_3  ;; "pwd"
   \   0000012C   0x6020             STR      R0,[R4, #+0]
    203              Shell_pwd(shell_ptr->ARGC, shell_ptr->ARGV);
                     ^
Warning[Pe223]: function "Shell_pwd" declared implicitly
   \   0000012E   0x0021             MOVS     R1,R4
   \   00000130   0x6A20             LDR      R0,[R4, #+32]
   \   00000132   0x.... 0x....      BL       Shell_pwd
    204              /* wk --> mfs func test end */
    205              
    206            /* button1 into interrupt for shell or maingui task change */
    207             GPIO_PIN_STRUCT pins_int[] = {
    208                      BSP_BUTTON1 | GPIO_PIN_IRQ_RISING ,
    209                      GPIO_LIST_END
    210                  };
   \   00000136   0xA802             ADD      R0,SP,#+8
   \   00000138   0x....             LDR.N    R1,??DataTable4_14
   \   0000013A   0xC90C             LDM      R1!,{R2,R3}
   \   0000013C   0xC00C             STM      R0!,{R2,R3}
   \   0000013E   0x3908             SUBS     R1,R1,#+8
   \   00000140   0x3808             SUBS     R0,R0,#+8
    211              MQX_FILE_PTR port_file4;        
    212                   /* 这是按键1 上升沿中断*/
    213                   port_file4 = fopen("gpio:read", (char_ptr) &pins_int );
   \   00000142   0xA902             ADD      R1,SP,#+8
   \   00000144   0x....             LDR.N    R0,??DataTable4_15
   \   00000146   0x.... 0x....      BL       _io_fopen
    214                   ioctl(port_file4, GPIO_IOCTL_SET_IRQ_FUNCTION, (pointer)int_callback);        
   \   0000014A   0x....             LDR.N    R2,??DataTable4_16
   \   0000014C   0xF240 0x3106      MOVW     R1,#+774
   \   00000150   0x.... 0x....      BL       _io_ioctl
    215            /* end */
    216            /* wk @130330 -->timer of lpt */
    217             _lpt_install (0,3 * 1000000 , LPT_FLAG_CLOCK_SOURCE_LPO, 11, timer_isr, TRUE);//2 * 1000000  --> 2秒     
                    ^
Warning[Pe223]: function "_lpt_install" declared implicitly
   \   00000154   0x2001             MOVS     R0,#+1
   \   00000156   0x9001             STR      R0,[SP, #+4]
   \   00000158   0x....             LDR.N    R0,??DataTable4_17
   \   0000015A   0x9000             STR      R0,[SP, #+0]
   \   0000015C   0x230B             MOVS     R3,#+11
   \   0000015E   0x2202             MOVS     R2,#+2
   \   00000160   0x....             LDR.N    R1,??DataTable4_18  ;; 0x2dc6c0
   \   00000162   0x2000             MOVS     R0,#+0
   \   00000164   0x.... 0x....      BL       _lpt_install
    218            /* wk @130330 -->timer end */
    219             
    220            while(1)
    221            {
    222              MainLoop(); //循环主程序
   \                     ??YaDa_1:
   \   00000168   0x.... 0x....      BL       MainLoop
   \   0000016C   0xE7FC             B.N      ??YaDa_1
    223            }
    224          }
    225          
    226          /*******************************************************************************
    227          * 函  数  名      : MainLoop
    228          * 描      述      : main函数中的菜单主函数
    229          * 输      入      : 无
    230          * 返      回      : 无
    231          *******************************************************************************/
    232          

   \                                 In section .text, align 2, keep-with-next
    233          void MainLoop()
    234          {
   \                     MainLoop:
   \   00000000   0xB580             PUSH     {R7,LR}
    235            if (SPIPowerFlg) //接收到电能数据
   \   00000002   0x....             LDR.N    R0,??DataTable4_19
   \   00000004   0x7800             LDRB     R0,[R0, #+0]
   \   00000006   0x2800             CMP      R0,#+0
   \   00000008   0xD00D             BEQ.N    ??MainLoop_0
    236            {
    237              if (VIEWHoldFlg == 0)
   \   0000000A   0x....             LDR.N    R0,??DataTable4_20
   \   0000000C   0x7800             LDRB     R0,[R0, #+0]
   \   0000000E   0x2800             CMP      R0,#+0
   \   00000010   0xD105             BNE.N    ??MainLoop_1
    238              {
    239                RefreshFlg = 2;
   \   00000012   0x....             LDR.N    R0,??DataTable4_6
   \   00000014   0x2102             MOVS     R1,#+2
   \   00000016   0x7001             STRB     R1,[R0, #+0]
    240                ViewKeyFlg = 0; //VIEWHoldFlg为0时，可能有其余键按下，需要清零
   \   00000018   0x....             LDR.N    R0,??DataTable4_21
   \   0000001A   0x2100             MOVS     R1,#+0
   \   0000001C   0x7001             STRB     R1,[R0, #+0]
    241              }
    242              
    243              SPIPowerFlg = 0; // 清除标志
   \                     ??MainLoop_1:
   \   0000001E   0x....             LDR.N    R0,??DataTable4_19
   \   00000020   0x2100             MOVS     R1,#+0
   \   00000022   0x7001             STRB     R1,[R0, #+0]
   \   00000024   0xE009             B.N      ??MainLoop_2
    244            }
    245            else if(ViewKeyFlg) //  ? ViewKeyFlg ?
   \                     ??MainLoop_0:
   \   00000026   0x....             LDR.N    R0,??DataTable4_21
   \   00000028   0x7800             LDRB     R0,[R0, #+0]
   \   0000002A   0x2800             CMP      R0,#+0
   \   0000002C   0xD005             BEQ.N    ??MainLoop_2
    246            {
    247              RefreshFlg = 2;
   \   0000002E   0x....             LDR.N    R0,??DataTable4_6
   \   00000030   0x2102             MOVS     R1,#+2
   \   00000032   0x7001             STRB     R1,[R0, #+0]
    248              ViewKeyFlg = 0;
   \   00000034   0x....             LDR.N    R0,??DataTable4_21
   \   00000036   0x2100             MOVS     R1,#+0
   \   00000038   0x7001             STRB     R1,[R0, #+0]
    249            }
    250            
    251          #if 0 // WK --> 数据存储  待完善
    252            if (SPIEventFlg || EventKeyFlg) //接收到事件数据或者事件记录相关页有键按下时需要刷新
    253            {
    254              ReflashFlg = 3;
    255              if (SPIEventFlg)
    256              {
    257                EVEnum++;
    258                EventSave(U_FLAG);
    259              }
    260              SPIEventFlg = 0;
    261              EventKeyFlg = 0;
    262            }
    263          #endif
    264            
    265            if(SysSetKeyFlg) //系统设置页有键按下时需要刷新
   \                     ??MainLoop_2:
   \   0000003A   0x....             LDR.N    R0,??DataTable4_22
   \   0000003C   0x7800             LDRB     R0,[R0, #+0]
   \   0000003E   0x2800             CMP      R0,#+0
   \   00000040   0xD005             BEQ.N    ??MainLoop_3
    266            {
    267               SysSetKeyFlg = 0;
   \   00000042   0x....             LDR.N    R0,??DataTable4_22
   \   00000044   0x2100             MOVS     R1,#+0
   \   00000046   0x7001             STRB     R1,[R0, #+0]
    268               RefreshFlg = 1; 
   \   00000048   0x....             LDR.N    R0,??DataTable4_6
   \   0000004A   0x2101             MOVS     R1,#+1
   \   0000004C   0x7001             STRB     R1,[R0, #+0]
    269            }
    270            
    271            if (MenuSwFlg == 1) //不能放在switch中，功能键按下时会整体刷新一次;页面切换必须放判断刷新之后，否则出现频繁操作后，页面没有数据的现象
   \                     ??MainLoop_3:
   \   0000004E   0x....             LDR.N    R0,??DataTable4_23
   \   00000050   0x7800             LDRB     R0,[R0, #+0]
   \   00000052   0x2801             CMP      R0,#+1
   \   00000054   0xD10C             BNE.N    ??MainLoop_4
    272            {
    273              MenuSwFlg = 0 ;
   \   00000056   0x....             LDR.N    R0,??DataTable4_23
   \   00000058   0x2100             MOVS     R1,#+0
   \   0000005A   0x7001             STRB     R1,[R0, #+0]
    274              YADA_70(Dis_PicID);
   \   0000005C   0x....             LDR.N    R0,??DataTable4_24
   \   0000005E   0x7800             LDRB     R0,[R0, #+0]
   \   00000060   0xB280             UXTH     R0,R0            ;; ZeroExt  R0,R0,#+16,#+16
   \   00000062   0x.... 0x....      BL       YADA_70
    275              
    276              YADA_70(Dis_PicID); //有时会出现切屏不及时，冗余思想
   \   00000066   0x....             LDR.N    R0,??DataTable4_24
   \   00000068   0x7800             LDRB     R0,[R0, #+0]
   \   0000006A   0xB280             UXTH     R0,R0            ;; ZeroExt  R0,R0,#+16,#+16
   \   0000006C   0x.... 0x....      BL       YADA_70
    277            }
    278            
    279            /* ……*/
    280            switch(RefreshFlg)
   \                     ??MainLoop_4:
   \   00000070   0x....             LDR.N    R0,??DataTable4_6
   \   00000072   0x7800             LDRB     R0,[R0, #+0]
   \   00000074   0x2801             CMP      R0,#+1
   \   00000076   0xD004             BEQ.N    ??MainLoop_5
   \   00000078   0xD358             BCC.N    ??MainLoop_6
   \   0000007A   0x2803             CMP      R0,#+3
   \   0000007C   0xD047             BEQ.N    ??MainLoop_7
   \   0000007E   0xD311             BCC.N    ??MainLoop_8
   \   00000080   0xE054             B.N      ??MainLoop_6
    281            {
    282            case 1:
    283              RefreshFlg = 0;
   \                     ??MainLoop_5:
   \   00000082   0x....             LDR.N    R0,??DataTable4_6
   \   00000084   0x2100             MOVS     R1,#+0
   \   00000086   0x7001             STRB     R1,[R0, #+0]
    284              switch (Dis_PicID)
   \   00000088   0x....             LDR.N    R0,??DataTable4_24
   \   0000008A   0x7800             LDRB     R0,[R0, #+0]
   \   0000008C   0x280A             CMP      R0,#+10
   \   0000008E   0xD002             BEQ.N    ??MainLoop_9
   \   00000090   0x280B             CMP      R0,#+11
   \   00000092   0xD003             BEQ.N    ??MainLoop_10
   \   00000094   0xE005             B.N      ??MainLoop_11
    285              {
    286                case MenuParaSET:
    287                  GUI_SYS_PARASET();
   \                     ??MainLoop_9:
   \   00000096   0x.... 0x....      BL       GUI_SYS_PARASET
    288                  break;
   \   0000009A   0xE002             B.N      ??MainLoop_12
    289                case MenuEventSET:
    290                GUI_SYS_EVENTSET();  // 涉及 U盘数据  --> wk 
   \                     ??MainLoop_10:
   \   0000009C   0x.... 0x....      BL       GUI_SYS_EVENTSET
    291                  break;
   \   000000A0   0xE7FF             B.N      ??MainLoop_12
    292                default:
    293                  break;
    294              }
    295              break;
   \                     ??MainLoop_11:
   \                     ??MainLoop_12:
   \   000000A2   0xE043             B.N      ??MainLoop_13
    296              
    297            case 2:
    298              RefreshFlg = 0;
   \                     ??MainLoop_8:
   \   000000A4   0x....             LDR.N    R0,??DataTable4_6
   \   000000A6   0x2100             MOVS     R1,#+0
   \   000000A8   0x7001             STRB     R1,[R0, #+0]
    299              switch (Dis_PicID)
   \   000000AA   0x....             LDR.N    R0,??DataTable4_24
   \   000000AC   0x7800             LDRB     R0,[R0, #+0]
   \   000000AE   0x2814             CMP      R0,#+20
   \   000000B0   0xD00F             BEQ.N    ??MainLoop_14
   \   000000B2   0xD32B             BCC.N    ??MainLoop_15
   \   000000B4   0x2816             CMP      R0,#+22
   \   000000B6   0xD012             BEQ.N    ??MainLoop_16
   \   000000B8   0xD30E             BCC.N    ??MainLoop_17
   \   000000BA   0x2818             CMP      R0,#+24
   \   000000BC   0xD015             BEQ.N    ??MainLoop_18
   \   000000BE   0xD311             BCC.N    ??MainLoop_19
   \   000000C0   0x281A             CMP      R0,#+26
   \   000000C2   0xD01E             BEQ.N    ??MainLoop_20
   \   000000C4   0xD314             BCC.N    ??MainLoop_21
   \   000000C6   0x281C             CMP      R0,#+28
   \   000000C8   0xD018             BEQ.N    ??MainLoop_22
   \   000000CA   0xD314             BCC.N    ??MainLoop_23
   \   000000CC   0x281D             CMP      R0,#+29
   \   000000CE   0xD015             BEQ.N    ??MainLoop_22
   \   000000D0   0xE01C             B.N      ??MainLoop_15
    300              {
    301                case MenuViewWavVolCur:
    302                 
    303                GUI_VIEW_UI();
   \                     ??MainLoop_14:
   \   000000D2   0x.... 0x....      BL       GUI_VIEW_UI
    304                break;
   \   000000D6   0xE019             B.N      ??MainLoop_24
    305              case MenuViewWavVol:
    306                GUI_VIEW_U();
   \                     ??MainLoop_17:
   \   000000D8   0x.... 0x....      BL       GUI_VIEW_U
    307                break;
   \   000000DC   0xE016             B.N      ??MainLoop_24
    308              case MenuViewWavCur:
    309                GUI_VIEW_I();
   \                     ??MainLoop_16:
   \   000000DE   0x.... 0x....      BL       GUI_VIEW_I
    310                break;
   \   000000E2   0xE013             B.N      ??MainLoop_24
    311              case MenuViewVector:
    312                GUI_VIEW_VECT();
   \                     ??MainLoop_19:
   \   000000E4   0x.... 0x....      BL       GUI_VIEW_VECT
    313                break;
   \   000000E8   0xE010             B.N      ??MainLoop_24
    314              case MenuViewListMeasure:
    315                GUI_VIEW_ListMeasure();
   \                     ??MainLoop_18:
   \   000000EA   0x.... 0x....      BL       GUI_VIEW_ListMeasure
    316                break;
   \   000000EE   0xE00D             B.N      ??MainLoop_24
    317              case MenuViewListQuality1:
    318                GUI_VIEW_ListQuality();
   \                     ??MainLoop_21:
   \   000000F0   0x.... 0x....      BL       GUI_VIEW_ListQuality
    319                break;
   \   000000F4   0xE00A             B.N      ??MainLoop_24
    320              case MenuViewHarmoGraph1:
    321                GUI_VIEW_HarmoGraph();
   \                     ??MainLoop_23:
   \   000000F6   0x.... 0x....      BL       GUI_VIEW_HarmoGraph
    322                break;
   \   000000FA   0xE007             B.N      ??MainLoop_24
    323              case MenuViewHarmoList1:
    324              case MenuViewHarmoList2:
    325                GUI_VIEW_HarmoList();
   \                     ??MainLoop_22:
   \   000000FC   0x.... 0x....      BL       GUI_VIEW_HarmoList
    326                break;
   \   00000100   0xE004             B.N      ??MainLoop_24
    327              case MenuViewListQuality2: // wk --> 
    328                GUI_VIEW_ListQuality2(U_FLAG);
   \                     ??MainLoop_20:
   \   00000102   0x....             LDR.N    R0,??DataTable4_25
   \   00000104   0x7800             LDRB     R0,[R0, #+0]
   \   00000106   0x.... 0x....      BL       GUI_VIEW_ListQuality2
    329                break;
   \   0000010A   0xE7FF             B.N      ??MainLoop_24
    330                
    331              default:
    332                break; 
    333              }
    334              break;
   \                     ??MainLoop_15:
   \                     ??MainLoop_24:
   \   0000010C   0xE00E             B.N      ??MainLoop_13
    335              
    336            case 3:
    337              RefreshFlg = 0;
   \                     ??MainLoop_7:
   \   0000010E   0x....             LDR.N    R0,??DataTable4_6
   \   00000110   0x2100             MOVS     R1,#+0
   \   00000112   0x7001             STRB     R1,[R0, #+0]
    338              switch (Dis_PicID)
   \   00000114   0x....             LDR.N    R0,??DataTable4_24
   \   00000116   0x7800             LDRB     R0,[R0, #+0]
   \   00000118   0x2828             CMP      R0,#+40
   \   0000011A   0xD005             BEQ.N    ??MainLoop_25
   \   0000011C   0xD305             BCC.N    ??MainLoop_26
   \   0000011E   0x282A             CMP      R0,#+42
   \   00000120   0xD001             BEQ.N    ??MainLoop_27
   \   00000122   0xD202             BCS.N    ??MainLoop_26
    339              {
    340              case MenuEventList:
    341          //      GUI_EVENTList();   // 涉及 U 盘数据  --> wk 
    342                break;
   \                     ??MainLoop_28:
   \   00000124   0xE001             B.N      ??MainLoop_29
    343              case MenuEventWave:
    344          //      GUI_EventWave(U_FLAG);   // 涉及 U 盘数据  --> wk
    345                break;
   \                     ??MainLoop_27:
   \   00000126   0xE000             B.N      ??MainLoop_29
    346              case MenuEventMON:
    347          //      GUI_EventMonitor(U_FLAG);  // 涉及 U 盘数据  --> wk
    348                break;
   \                     ??MainLoop_25:
   \   00000128   0xE7FF             B.N      ??MainLoop_29
    349                
    350              default:
    351                break;  
    352              }
    353              break;
   \                     ??MainLoop_26:
   \                     ??MainLoop_29:
   \   0000012A   0xE7FF             B.N      ??MainLoop_13
    354              
    355            default:
    356              break;
    357            }
    358          }
   \                     ??MainLoop_6:
   \                     ??MainLoop_13:
   \   0000012C   0xBD01             POP      {R0,PC}          ;; return
    359           

   \                                 In section .text, align 2, keep-with-next
    360          void flg_int()   // wk --> 一些标志的初始化 
    361          {
    362              Dis_PicID=0;
   \                     flg_int:
   \   00000000   0x....             LDR.N    R0,??DataTable4_24
   \   00000002   0x2100             MOVS     R1,#+0
   \   00000004   0x7001             STRB     R1,[R0, #+0]
    363          //    HarmoGraphShift=0;//
    364              HarmoGraphPhase=1;// 默认值1
   \   00000006   0x....             LDR.N    R0,??DataTable4_26
   \   00000008   0x2101             MOVS     R1,#+1
   \   0000000A   0x7001             STRB     R1,[R0, #+0]
    365              HarmoGraphRange=1;// 用于选择显示谐波范围，默认值为1,对应1~26次，2对应25~50
   \   0000000C   0x....             LDR.N    R0,??DataTable4_27
   \   0000000E   0x2101             MOVS     R1,#+1
   \   00000010   0x7001             STRB     R1,[R0, #+0]
    366              HarmoGraphUorder=1;// 用于控制谐波电压具体次数的数值显示
   \   00000012   0x....             LDR.N    R0,??DataTable4_28
   \   00000014   0x2101             MOVS     R1,#+1
   \   00000016   0x7001             STRB     R1,[R0, #+0]
    367              HarmoGraphIorder=1;// 用于控制谐波电流具体次数的数值显示
   \   00000018   0x....             LDR.N    R0,??DataTable4_29
   \   0000001A   0x2101             MOVS     R1,#+1
   \   0000001C   0x7001             STRB     R1,[R0, #+0]
    368              HarmoListShift=0;// 谐波列表显示中的功能右移键
   \   0000001E   0x....             LDR.N    R0,??DataTable4_30
   \   00000020   0x2100             MOVS     R1,#+0
   \   00000022   0x7001             STRB     R1,[R0, #+0]
    369              HarmoListPhase=1;
   \   00000024   0x....             LDR.N    R0,??DataTable4_31
   \   00000026   0x2101             MOVS     R1,#+1
   \   00000028   0x7001             STRB     R1,[R0, #+0]
    370              HarmoListUorI=1;
   \   0000002A   0x....             LDR.N    R0,??DataTable4_32
   \   0000002C   0x2101             MOVS     R1,#+1
   \   0000002E   0x7001             STRB     R1,[R0, #+0]
    371              HarmoListRange=1;
   \   00000030   0x....             LDR.N    R0,??DataTable4_33
   \   00000032   0x2101             MOVS     R1,#+1
   \   00000034   0x7001             STRB     R1,[R0, #+0]
    372              HarmoListAmporRatio=1;
   \   00000036   0x....             LDR.N    R0,??DataTable4_34
   \   00000038   0x2101             MOVS     R1,#+1
   \   0000003A   0x7001             STRB     R1,[R0, #+0]
    373              VIEWHoldFlg=0; //保 持键默认为0，键按下时值变为1，再次按下时值变为0；
   \   0000003C   0x....             LDR.N    R0,??DataTable4_20
   \   0000003E   0x2100             MOVS     R1,#+0
   \   00000040   0x7001             STRB     R1,[R0, #+0]
    374              ViewKeyFlg=0;
   \   00000042   0x....             LDR.N    R0,??DataTable4_21
   \   00000044   0x2100             MOVS     R1,#+0
   \   00000046   0x7001             STRB     R1,[R0, #+0]
    375              SysSetKeyFlg=0;
   \   00000048   0x....             LDR.N    R0,??DataTable4_22
   \   0000004A   0x2100             MOVS     R1,#+0
   \   0000004C   0x7001             STRB     R1,[R0, #+0]
    376              EventKeyFlg=0;
   \   0000004E   0x....             LDR.N    R0,??DataTable4_35
   \   00000050   0x2100             MOVS     R1,#+0
   \   00000052   0x7001             STRB     R1,[R0, #+0]
    377              MenuSwFlg=0;
   \   00000054   0x....             LDR.N    R0,??DataTable4_23
   \   00000056   0x2100             MOVS     R1,#+0
   \   00000058   0x7001             STRB     R1,[R0, #+0]
    378              EVEpage=0;
   \   0000005A   0x....             LDR.N    R0,??DataTable4_36
   \   0000005C   0x2100             MOVS     R1,#+0
   \   0000005E   0x7001             STRB     R1,[R0, #+0]
    379              EVEline=0;
   \   00000060   0x....             LDR.N    R0,??DataTable4_37
   \   00000062   0x2100             MOVS     R1,#+0
   \   00000064   0x7001             STRB     R1,[R0, #+0]
    380              EVEfunflg=0;
   \   00000066   0x....             LDR.N    R0,??DataTable4_38
   \   00000068   0x2100             MOVS     R1,#+0
   \   0000006A   0x7001             STRB     R1,[R0, #+0]
    381              
    382              File_flg=0;// wk -->
   \   0000006C   0x....             LDR.N    R0,??DataTable4_9
   \   0000006E   0x2100             MOVS     R1,#+0
   \   00000070   0x7001             STRB     R1,[R0, #+0]
    383          }
   \   00000072   0x4770             BX       LR               ;; return

   \                                 In section .text, align 4, keep-with-next
   \                     ??DataTable3:
   \   00000000   0x63 0x64          DC8      0x63, 0x64, 0x00, 0x00
   \              0x00 0x00    

   \                                 In section .text, align 4, keep-with-next
   \                     ??DataTable3_1:
   \   00000000   0x66 0x3A          DC8      "f:\\"
   \              0x5C 0x00    

   \                                 In section .text, align 4, keep-with-next
   \                     ??DataTable3_2:
   \   00000000   0x66 0x3A          DC8      0x66, 0x3A, 0x00, 0x00
   \              0x00 0x00    

   \                                 In section .text, align 4, keep-with-next
   \                     ??DataTable3_3:
   \   00000000   0x70 0x77          DC8      "pwd"
   \              0x64 0x00    

   \                                 In section .text, align 4, keep-with-next
   \                     ??DataTable4:
   \   00000000   0x........         DC32     `?<Constant "pin2_event">`

   \                                 In section .text, align 4, keep-with-next
   \                     ??DataTable4_1:
   \   00000000   0x........         DC32     `?<Constant "Switch2 is pressed(in...">`

   \                                 In section .text, align 4, keep-with-next
   \                     ??DataTable4_2:
   \   00000000   0x001E8480         DC32     0x1e8480

   \                                 In section .text, align 4, keep-with-next
   \                     ??DataTable4_3:
   \   00000000   0x........         DC32     `?<Constant "\\n----------MAIN&GUI_T...">`

   \                                 In section .text, align 4, keep-with-next
   \                     ??DataTable4_4:
   \   00000000   0x........         DC32     `?<Constant "\\n----------          ...">`

   \                                 In section .text, align 4, keep-with-next
   \                     ??DataTable4_5:
   \   00000000   0x........         DC32     `?<Constant "\\n----------      END ...">`

   \                                 In section .text, align 4, keep-with-next
   \                     ??DataTable4_6:
   \   00000000   0x........         DC32     RefreshFlg

   \                                 In section .text, align 4, keep-with-next
   \                     ??DataTable4_7:
   \   00000000   0x........         DC32     `?<Constant {&"test", &"kkM2.txt"}>`

   \                                 In section .text, align 4, keep-with-next
   \                     ??DataTable4_8:
   \   00000000   0x........         DC32     `?<Constant {&"write", &"kkM2.txt", &"6"}>`

   \                                 In section .text, align 4, keep-with-next
   \                     ??DataTable4_9:
   \   00000000   0x........         DC32     File_flg

   \                                 In section .text, align 4, keep-with-next
   \                     ??DataTable4_10:
   \   00000000   0x........         DC32     `?<Constant "mkdir">`

   \                                 In section .text, align 4, keep-with-next
   \                     ??DataTable4_11:
   \   00000000   0x........         DC32     `?<Constant "sysset">`

   \                                 In section .text, align 4, keep-with-next
   \                     ??DataTable4_12:
   \   00000000   0x........         DC32     `?<Constant "\\nspace=%d\\tresult=%d\\n">`

   \                                 In section .text, align 4, keep-with-next
   \                     ??DataTable4_13:
   \   00000000   0x........         DC32     `?<Constant "f:\\\\sysset">`

   \                                 In section .text, align 4, keep-with-next
   \                     ??DataTable4_14:
   \   00000000   0x........         DC32     `?<Constant {2181038099L, 0L}>`

   \                                 In section .text, align 4, keep-with-next
   \                     ??DataTable4_15:
   \   00000000   0x........         DC32     `?<Constant "gpio:read">`

   \                                 In section .text, align 4, keep-with-next
   \                     ??DataTable4_16:
   \   00000000   0x........         DC32     int_callback

   \                                 In section .text, align 4, keep-with-next
   \                     ??DataTable4_17:
   \   00000000   0x........         DC32     timer_isr

   \                                 In section .text, align 4, keep-with-next
   \                     ??DataTable4_18:
   \   00000000   0x002DC6C0         DC32     0x2dc6c0

   \                                 In section .text, align 4, keep-with-next
   \                     ??DataTable4_19:
   \   00000000   0x........         DC32     SPIPowerFlg

   \                                 In section .text, align 4, keep-with-next
   \                     ??DataTable4_20:
   \   00000000   0x........         DC32     VIEWHoldFlg

   \                                 In section .text, align 4, keep-with-next
   \                     ??DataTable4_21:
   \   00000000   0x........         DC32     ViewKeyFlg

   \                                 In section .text, align 4, keep-with-next
   \                     ??DataTable4_22:
   \   00000000   0x........         DC32     SysSetKeyFlg

   \                                 In section .text, align 4, keep-with-next
   \                     ??DataTable4_23:
   \   00000000   0x........         DC32     MenuSwFlg

   \                                 In section .text, align 4, keep-with-next
   \                     ??DataTable4_24:
   \   00000000   0x........         DC32     Dis_PicID

   \                                 In section .text, align 4, keep-with-next
   \                     ??DataTable4_25:
   \   00000000   0x........         DC32     U_FLAG

   \                                 In section .text, align 4, keep-with-next
   \                     ??DataTable4_26:
   \   00000000   0x........         DC32     HarmoGraphPhase

   \                                 In section .text, align 4, keep-with-next
   \                     ??DataTable4_27:
   \   00000000   0x........         DC32     HarmoGraphRange

   \                                 In section .text, align 4, keep-with-next
   \                     ??DataTable4_28:
   \   00000000   0x........         DC32     HarmoGraphUorder

   \                                 In section .text, align 4, keep-with-next
   \                     ??DataTable4_29:
   \   00000000   0x........         DC32     HarmoGraphIorder

   \                                 In section .text, align 4, keep-with-next
   \                     ??DataTable4_30:
   \   00000000   0x........         DC32     HarmoListShift

   \                                 In section .text, align 4, keep-with-next
   \                     ??DataTable4_31:
   \   00000000   0x........         DC32     HarmoListPhase

   \                                 In section .text, align 4, keep-with-next
   \                     ??DataTable4_32:
   \   00000000   0x........         DC32     HarmoListUorI

   \                                 In section .text, align 4, keep-with-next
   \                     ??DataTable4_33:
   \   00000000   0x........         DC32     HarmoListRange

   \                                 In section .text, align 4, keep-with-next
   \                     ??DataTable4_34:
   \   00000000   0x........         DC32     HarmoListAmporRatio

   \                                 In section .text, align 4, keep-with-next
   \                     ??DataTable4_35:
   \   00000000   0x........         DC32     EventKeyFlg

   \                                 In section .text, align 4, keep-with-next
   \                     ??DataTable4_36:
   \   00000000   0x........         DC32     EVEpage

   \                                 In section .text, align 4, keep-with-next
   \                     ??DataTable4_37:
   \   00000000   0x........         DC32     EVEline

   \                                 In section .text, align 4, keep-with-next
   \                     ??DataTable4_38:
   \   00000000   0x........         DC32     EVEfunflg

   \                                 In section .rodata, align 4
   \                     `?<Constant "MAIN&GUI_Task">`:
   \   00000000   0x4D 0x41          DC8 "MAIN&GUI_Task"
   \              0x49 0x4E    
   \              0x26 0x47    
   \              0x55 0x49    
   \              0x5F 0x54    
   \              0x61 0x73    
   \              0x6B 0x00    
   \   0000000E   0x00 0x00          DC8 0, 0

   \                                 In section .rodata, align 4
   \                     `?<Constant "Shell_Task">`:
   \   00000000   0x53 0x68          DC8 "Shell_Task"
   \              0x65 0x6C    
   \              0x6C 0x5F    
   \              0x54 0x61    
   \              0x73 0x6B    
   \              0x00         
   \   0000000B   0x00               DC8 0

   \                                 In section .rodata, align 4
   \                     `?<Constant "FTP_Task">`:
   \   00000000   0x46 0x54          DC8 "FTP_Task"
   \              0x50 0x5F    
   \              0x54 0x61    
   \              0x73 0x6B    
   \              0x00         
   \   00000009   0x00 0x00          DC8 0, 0, 0
   \              0x00         

   \                                 In section .rodata, align 4
   \                     `?<Constant "tcp_socket_task">`:
   \   00000000   0x74 0x63          DC8 "tcp_socket_task"
   \              0x70 0x5F    
   \              0x73 0x6F    
   \              0x63 0x6B    
   \              0x65 0x74    
   \              0x5F 0x74    
   \              0x61 0x73    
   \              0x6B 0x00    

   \                                 In section .rodata, align 4
   \                     `?<Constant "USB_Task">`:
   \   00000000   0x55 0x53          DC8 "USB_Task"
   \              0x42 0x5F    
   \              0x54 0x61    
   \              0x73 0x6B    
   \              0x00         
   \   00000009   0x00 0x00          DC8 0, 0, 0
   \              0x00         

   \                                 In section .rodata, align 4
   \                     `?<Constant "Flash_Task">`:
   \   00000000   0x46 0x6C          DC8 "Flash_Task"
   \              0x61 0x73    
   \              0x68 0x5F    
   \              0x54 0x61    
   \              0x73 0x6B    
   \              0x00         
   \   0000000B   0x00               DC8 0

   \                                 In section .rodata, align 4
   \                     `?<Constant "UartTouch_Task">`:
   \   00000000   0x55 0x61          DC8 "UartTouch_Task"
   \              0x72 0x74    
   \              0x54 0x6F    
   \              0x75 0x63    
   \              0x68 0x5F    
   \              0x54 0x61    
   \              0x73 0x6B    
   \              0x00         
   \   0000000F   0x00               DC8 0

   \                                 In section .rodata, align 4
   \                     `?<Constant "SPIDMA_Task">`:
   \   00000000   0x53 0x50          DC8 "SPIDMA_Task"
   \              0x49 0x44    
   \              0x4D 0x41    
   \              0x5F 0x54    
   \              0x61 0x73    
   \              0x6B 0x00    

   \                                 In section .rodata, align 4
   \                     `?<Constant "PIN2_Task">`:
   \   00000000   0x50 0x49          DC8 "PIN2_Task"
   \              0x4E 0x32    
   \              0x5F 0x54    
   \              0x61 0x73    
   \              0x6B 0x00    
   \   0000000A   0x00 0x00          DC8 0, 0

   \                                 In section .rodata, align 4
   \                     `?<Constant "pin2_event">`:
   \   00000000   0x70 0x69          DC8 "pin2_event"
   \              0x6E 0x32    
   \              0x5F 0x65    
   \              0x76 0x65    
   \              0x6E 0x74    
   \              0x00         
   \   0000000B   0x00               DC8 0

   \                                 In section .rodata, align 4
   \                     `?<Constant "Switch2 is pressed(in...">`:
   \   00000000   0x53 0x77          DC8 "Switch2 is pressed(int mode)!\012"
   \              0x69 0x74    
   \              0x63 0x68    
   \              0x32 0x20    
   \              0x69 0x73    
   \              0x20 0x70    
   \              0x72 0x65    
   \              0x73 0x73    
   \              0x65 0x64    
   \              0x28 0x69    
   \              0x6E 0x74    
   \              0x20 0x6D    
   \              0x6F 0x64    
   \              0x65 0x29    
   \              0x21 0x0A    
   \              0x00         
   \   0000001F   0x00               DC8 0

   \                                 In section .rodata, align 4
   \                     `?<Constant "\\n----------MAIN&GUI_T...">`:
   \   00000000   0x0A 0x2D          DC8 "\012----------MAIN&GUI_Task----------\012"
   \              0x2D 0x2D    
   \              0x2D 0x2D    
   \              0x2D 0x2D    
   \              0x2D 0x2D    
   \              0x2D 0x4D    
   \              0x41 0x49    
   \              0x4E 0x26    
   \              0x47 0x55    
   \              0x49 0x5F    
   \              0x54 0x61    
   \              0x73 0x6B    
   \              0x2D 0x2D    
   \              0x2D 0x2D    
   \              0x2D 0x2D    
   \              0x2D 0x2D    
   \              0x2D 0x2D    
   \              0x0A 0x00    

   \                                 In section .rodata, align 4
   \                     `?<Constant "\\n----------          ...">`:
   \   00000000   0x0A 0x2D          DC8 "\012----------             ----------\012"
   \              0x2D 0x2D    
   \              0x2D 0x2D    
   \              0x2D 0x2D    
   \              0x2D 0x2D    
   \              0x2D 0x20    
   \              0x20 0x20    
   \              0x20 0x20    
   \              0x20 0x20    
   \              0x20 0x20    
   \              0x20 0x20    
   \              0x20 0x20    
   \              0x2D 0x2D    
   \              0x2D 0x2D    
   \              0x2D 0x2D    
   \              0x2D 0x2D    
   \              0x2D 0x2D    
   \              0x0A 0x00    

   \                                 In section .rodata, align 4
   \                     `?<Constant "\\n----------      END ...">`:
   \   00000000   0x0A 0x2D          DC8 "\012----------      END    ----------\012"
   \              0x2D 0x2D    
   \              0x2D 0x2D    
   \              0x2D 0x2D    
   \              0x2D 0x2D    
   \              0x2D 0x20    
   \              0x20 0x20    
   \              0x20 0x20    
   \              0x20 0x45    
   \              0x4E 0x44    
   \              0x20 0x20    
   \              0x20 0x20    
   \              0x2D 0x2D    
   \              0x2D 0x2D    
   \              0x2D 0x2D    
   \              0x2D 0x2D    
   \              0x2D 0x2D    
   \              0x0A 0x00    

   \                                 In section .rodata, align 4
   \                     `?<Constant "test">`:
   \   00000000   0x74 0x65          DC8 "test"
   \              0x73 0x74    
   \              0x00         
   \   00000005   0x00 0x00          DC8 0, 0, 0
   \              0x00         

   \                                 In section .rodata, align 4
   \                     `?<Constant "kkM2.txt">`:
   \   00000000   0x6B 0x6B          DC8 "kkM2.txt"
   \              0x4D 0x32    
   \              0x2E 0x74    
   \              0x78 0x74    
   \              0x00         
   \   00000009   0x00 0x00          DC8 0, 0, 0
   \              0x00         

   \                                 In section .rodata, align 4
   \                     `?<Constant {&"test", &"kkM2.txt"}>`:
   \   00000000   0x........         DC32 `?<Constant "test">`, `?<Constant "kkM2.txt">`
   \              0x........   

   \                                 In section .rodata, align 4
   \                     `?<Constant "write">`:
   \   00000000   0x77 0x72          DC8 "write"
   \              0x69 0x74    
   \              0x65 0x00    
   \   00000006   0x00 0x00          DC8 0, 0

   \                                 In section .rodata, align 2
   \                     `?<Constant "6">`:
   \   00000000   0x36 0x00          DC8 "6"

   \                                 In section .rodata, align 4
   \                     `?<Constant {&"write", &"kkM2.txt", &"6"}>`:
   \   00000000   0x........         DC32 `?<Constant "write">`, `?<Constant "kkM2.txt">`, `?<Constant "6">`
   \              0x........   
   \              0x........   

   \                                 In section .rodata, align 4
   \   00000000   0x63 0x64          DC8 "cd"
   \              0x00         
   \   00000003   0x00               DC8 0

   \                                 In section .rodata, align 4
   \   00000000   0x66 0x3A          DC8 "f:\\"
   \              0x5C 0x00    

   \                                 In section .rodata, align 4
   \                     `?<Constant "mkdir">`:
   \   00000000   0x6D 0x6B          DC8 "mkdir"
   \              0x64 0x69    
   \              0x72 0x00    
   \   00000006   0x00 0x00          DC8 0, 0

   \                                 In section .rodata, align 4
   \                     `?<Constant "sysset">`:
   \   00000000   0x73 0x79          DC8 "sysset"
   \              0x73 0x73    
   \              0x65 0x74    
   \              0x00         
   \   00000007   0x00               DC8 0

   \                                 In section .rodata, align 4
   \   00000000   0x66 0x3A          DC8 "f:"
   \              0x00         
   \   00000003   0x00               DC8 0

   \                                 In section .rodata, align 4
   \                     `?<Constant "\\nspace=%d\\tresult=%d\\n">`:
   \   00000000   0x0A 0x73          DC8 "\012space=%d\tresult=%d\012"
   \              0x70 0x61    
   \              0x63 0x65    
   \              0x3D 0x25    
   \              0x64 0x09    
   \              0x72 0x65    
   \              0x73 0x75    
   \              0x6C 0x74    
   \              0x3D 0x25    
   \              0x64 0x0A    
   \              0x00         
   \   00000015   0x00 0x00          DC8 0, 0, 0
   \              0x00         

   \                                 In section .rodata, align 4
   \                     `?<Constant "f:\\\\sysset">`:
   \   00000000   0x66 0x3A          DC8 "f:\\sysset"
   \              0x5C 0x73    
   \              0x79 0x73    
   \              0x73 0x65    
   \              0x74 0x00    
   \   0000000A   0x00 0x00          DC8 0, 0

   \                                 In section .rodata, align 4
   \   00000000   0x70 0x77          DC8 "pwd"
   \              0x64 0x00    

   \                                 In section .rodata, align 4
   \                     `?<Constant {2181038099L, 0L}>`:
   \   00000000   0x82000013         DC32 2181038099, 0
   \              0x00000000   

   \                                 In section .rodata, align 4
   \                     `?<Constant "gpio:read">`:
   \   00000000   0x67 0x70          DC8 "gpio:read"
   \              0x69 0x6F    
   \              0x3A 0x72    
   \              0x65 0x61    
   \              0x64 0x00    
   \   0000000A   0x00 0x00          DC8 0, 0

   Maximum stack usage in bytes:

   .cstack Function
   ------- --------
        8  MainLoop
              8 -> GUI_SYS_EVENTSET
              8 -> GUI_SYS_PARASET
              8 -> GUI_VIEW_HarmoGraph
              8 -> GUI_VIEW_HarmoList
              8 -> GUI_VIEW_I
              8 -> GUI_VIEW_ListMeasure
              8 -> GUI_VIEW_ListQuality
              8 -> GUI_VIEW_ListQuality2
              8 -> GUI_VIEW_U
              8 -> GUI_VIEW_UI
              8 -> GUI_VIEW_VECT
              8 -> YADA_70
       64  YaDa
             64 -> MainLoop
             64 -> Shell_cd
             64 -> Shell_create
             64 -> Shell_mkdir
             64 -> Shell_pwd
             64 -> Shell_write
             64 -> UartLCD_init
             64 -> UartTouch_init
             64 -> YADA_70
             64 -> _io_fopen
             64 -> _io_ioctl
             64 -> _io_printf
             64 -> _lpt_install
             64 -> _lwmem_alloc_zero
             64 -> _lwmem_set_type
             64 -> delay_ms
             64 -> flg_int
             64 -> spi2_dma_int
        0  flg_int
        8  int_callback
              8 -> _event_open
              8 -> _event_set
              8 -> _io_printf
        8  timer_isr
              8 -> _lpt_clear_int
              8 -> _lpt_init
              8 -> _lpt_run


   Section sizes:

   Bytes  Function/Label
   -----  --------------
       2  ?<Constant "6">
      12  ?<Constant "FTP_Task">
      12  ?<Constant "Flash_Task">
      16  ?<Constant "MAIN&GUI_Task">
      12  ?<Constant "PIN2_Task">
      12  ?<Constant "SPIDMA_Task">
      12  ?<Constant "Shell_Task">
      32  ?<Constant "Switch2 is pressed(in...">
      12  ?<Constant "USB_Task">
      16  ?<Constant "UartTouch_Task">
      36  ?<Constant "\n----------          ...">
      36  ?<Constant "\n----------      END ...">
      36  ?<Constant "\n----------MAIN&GUI_T...">
      24  ?<Constant "\nspace=%d\tresult=%d\n">
       4  ?<Constant "cd">
       4  ?<Constant "f:">
       4  ?<Constant "f:\\">
      12  ?<Constant "f:\\sysset">
      12  ?<Constant "gpio:read">
      12  ?<Constant "kkM2.txt">
       8  ?<Constant "mkdir">
      12  ?<Constant "pin2_event">
       4  ?<Constant "pwd">
       8  ?<Constant "sysset">
      16  ?<Constant "tcp_socket_task">
       8  ?<Constant "test">
       8  ?<Constant "write">
       8  ?<Constant {&"test", &"kkM2.txt"}>
      12  ?<Constant {&"write", &"kkM2.txt", &"6"}>
       8  ?<Constant {2181038099L, 0L}>
       4  ??DataTable3
       4  ??DataTable3_1
       4  ??DataTable3_2
       4  ??DataTable3_3
       4  ??DataTable4
       4  ??DataTable4_1
       4  ??DataTable4_10
       4  ??DataTable4_11
       4  ??DataTable4_12
       4  ??DataTable4_13
       4  ??DataTable4_14
       4  ??DataTable4_15
       4  ??DataTable4_16
       4  ??DataTable4_17
       4  ??DataTable4_18
       4  ??DataTable4_19
       4  ??DataTable4_2
       4  ??DataTable4_20
       4  ??DataTable4_21
       4  ??DataTable4_22
       4  ??DataTable4_23
       4  ??DataTable4_24
       4  ??DataTable4_25
       4  ??DataTable4_26
       4  ??DataTable4_27
       4  ??DataTable4_28
       4  ??DataTable4_29
       4  ??DataTable4_3
       4  ??DataTable4_30
       4  ??DataTable4_31
       4  ??DataTable4_32
       4  ??DataTable4_33
       4  ??DataTable4_34
       4  ??DataTable4_35
       4  ??DataTable4_36
       4  ??DataTable4_37
       4  ??DataTable4_38
       4  ??DataTable4_4
       4  ??DataTable4_5
       4  ??DataTable4_6
       4  ??DataTable4_7
       4  ??DataTable4_8
       4  ??DataTable4_9
       1  File_flg
     320  MQX_template_list
     302  MainLoop
       1  RefreshFlg
       1  U_FLAG
     366  YaDa
     116  flg_int
      30  int_callback
       8  read_buffer
      34  timer_isr

 
     3 bytes in section .bss
     8 bytes in section .data
   730 bytes in section .rodata
 1 020 bytes in section .text
 
 1 020 bytes of CODE  memory
   730 bytes of CONST memory
    11 bytes of DATA  memory

Errors: none
Warnings: 10
